2021-05-08T16:37:38.885+0200 [DEBUG] [org.gradle.launcher.daemon.bootstrap.DaemonMain] Assuming the daemon was started with following jvm opts: [-Xmx2048m, -Dfile.encoding=UTF-8, -Duser.country=US, -Duser.language=en, -Duser.variant]
2021-05-08T16:37:39.186+0200 [DEBUG] [org.gradle.internal.nativeintegration.services.NativeServices] Native-platform posix files integration is not available. Continuing with fallback.
2021-05-08T16:37:39.396+0200 [INFO] [org.gradle.launcher.daemon.server.Daemon] start() called on daemon - DefaultDaemonContext[uid=7d4a4630-82ca-479e-8f1c-39e8a41653f0,javaHome=C:\Program Files\Android\Android Studio\jre,daemonRegistryDir=C:\Users\Dell e7250\Documents\MINI PROJECT 2021\group-17\android\daemon,pid=27192,idleTimeout=10800000,priority=NORMAL,daemonOpts=-Xmx2048m,-Dfile.encoding=UTF-8,-Duser.country=US,-Duser.language=en,-Duser.variant]
2021-05-08T16:37:39.859+0200 [DEBUG] [org.gradle.internal.remote.internal.inet.InetAddresses] Adding IP addresses for network interface Software Loopback Interface 1
2021-05-08T16:37:39.861+0200 [DEBUG] [org.gradle.internal.remote.internal.inet.InetAddresses] Is this a loopback interface? true
2021-05-08T16:37:39.864+0200 [DEBUG] [org.gradle.internal.remote.internal.inet.InetAddresses] Adding loopback address /127.0.0.1
2021-05-08T16:37:39.865+0200 [DEBUG] [org.gradle.internal.remote.internal.inet.InetAddresses] Adding loopback address /0:0:0:0:0:0:0:1
2021-05-08T16:37:39.867+0200 [DEBUG] [org.gradle.internal.remote.internal.inet.InetAddresses] Adding IP addresses for network interface Microsoft 6to4 Adapter
2021-05-08T16:37:39.870+0200 [DEBUG] [org.gradle.internal.remote.internal.inet.InetAddresses] Is this a loopback interface? false
2021-05-08T16:37:39.870+0200 [DEBUG] [org.gradle.internal.remote.internal.inet.InetAddresses] Adding IP addresses for network interface Microsoft Kernel Debug Network Adapter
2021-05-08T16:37:39.872+0200 [DEBUG] [org.gradle.internal.remote.internal.inet.InetAddresses] Is this a loopback interface? false
2021-05-08T16:37:39.873+0200 [DEBUG] [org.gradle.internal.remote.internal.inet.InetAddresses] Adding IP addresses for network interface WAN Miniport (PPPOE)
2021-05-08T16:37:39.875+0200 [DEBUG] [org.gradle.internal.remote.internal.inet.InetAddresses] Is this a loopback interface? false
2021-05-08T16:37:39.876+0200 [DEBUG] [org.gradle.internal.remote.internal.inet.InetAddresses] Adding IP addresses for network interface Microsoft IP-HTTPS Platform Adapter
2021-05-08T16:37:39.878+0200 [DEBUG] [org.gradle.internal.remote.internal.inet.InetAddresses] Is this a loopback interface? false
2021-05-08T16:37:39.878+0200 [DEBUG] [org.gradle.internal.remote.internal.inet.InetAddresses] Adding IP addresses for network interface WAN Miniport (SSTP)
2021-05-08T16:37:39.880+0200 [DEBUG] [org.gradle.internal.remote.internal.inet.InetAddresses] Is this a loopback interface? false
2021-05-08T16:37:39.881+0200 [DEBUG] [org.gradle.internal.remote.internal.inet.InetAddresses] Adding IP addresses for network interface WAN Miniport (Network Monitor)
2021-05-08T16:37:39.883+0200 [DEBUG] [org.gradle.internal.remote.internal.inet.InetAddresses] Is this a loopback interface? false
2021-05-08T16:37:39.883+0200 [DEBUG] [org.gradle.internal.remote.internal.inet.InetAddresses] Adding IP addresses for network interface Microsoft Wi-Fi Direct Virtual Adapter #3
2021-05-08T16:37:39.886+0200 [DEBUG] [org.gradle.internal.remote.internal.inet.InetAddresses] Is this a loopback interface? false
2021-05-08T16:37:39.886+0200 [DEBUG] [org.gradle.internal.remote.internal.inet.InetAddresses] Adding remote address /fe80:0:0:0:2079:2fb6:34ad:4bc9%wlan0
2021-05-08T16:37:39.886+0200 [DEBUG] [org.gradle.internal.remote.internal.inet.InetAddresses] Adding IP addresses for network interface Intel(R) Ethernet Connection (3) I218-LM
2021-05-08T16:37:39.889+0200 [DEBUG] [org.gradle.internal.remote.internal.inet.InetAddresses] Is this a loopback interface? false
2021-05-08T16:37:39.889+0200 [DEBUG] [org.gradle.internal.remote.internal.inet.InetAddresses] Adding remote address /fe80:0:0:0:f479:214b:d94e:7514%eth2
2021-05-08T16:37:39.890+0200 [DEBUG] [org.gradle.internal.remote.internal.inet.InetAddresses] Adding IP addresses for network interface WAN Miniport (PPTP)
2021-05-08T16:37:39.892+0200 [DEBUG] [org.gradle.internal.remote.internal.inet.InetAddresses] Is this a loopback interface? false
2021-05-08T16:37:39.893+0200 [DEBUG] [org.gradle.internal.remote.internal.inet.InetAddresses] Adding IP addresses for network interface WAN Miniport (IKEv2)
2021-05-08T16:37:39.896+0200 [DEBUG] [org.gradle.internal.remote.internal.inet.InetAddresses] Is this a loopback interface? false
2021-05-08T16:37:39.896+0200 [DEBUG] [org.gradle.internal.remote.internal.inet.InetAddresses] Adding IP addresses for network interface Microsoft Teredo Tunneling Adapter
2021-05-08T16:37:39.899+0200 [DEBUG] [org.gradle.internal.remote.internal.inet.InetAddresses] Is this a loopback interface? false
2021-05-08T16:37:39.899+0200 [DEBUG] [org.gradle.internal.remote.internal.inet.InetAddresses] Adding IP addresses for network interface Microsoft Wi-Fi Direct Virtual Adapter
2021-05-08T16:37:39.903+0200 [DEBUG] [org.gradle.internal.remote.internal.inet.InetAddresses] Is this a loopback interface? false
2021-05-08T16:37:39.904+0200 [DEBUG] [org.gradle.internal.remote.internal.inet.InetAddresses] Adding IP addresses for network interface Bluetooth Device (Personal Area Network)
2021-05-08T16:37:39.906+0200 [DEBUG] [org.gradle.internal.remote.internal.inet.InetAddresses] Is this a loopback interface? false
2021-05-08T16:37:39.907+0200 [DEBUG] [org.gradle.internal.remote.internal.inet.InetAddresses] Adding IP addresses for network interface Intel(R) Dual Band Wireless-AC 7265
2021-05-08T16:37:39.910+0200 [DEBUG] [org.gradle.internal.remote.internal.inet.InetAddresses] Is this a loopback interface? false
2021-05-08T16:37:39.911+0200 [DEBUG] [org.gradle.internal.remote.internal.inet.InetAddresses] Adding remote address /192.168.1.104
2021-05-08T16:37:39.911+0200 [DEBUG] [org.gradle.internal.remote.internal.inet.InetAddresses] Adding remote address /fe80:0:0:0:39d4:472:a88e:3a8c%wlan2
2021-05-08T16:37:39.911+0200 [DEBUG] [org.gradle.internal.remote.internal.inet.InetAddresses] Adding IP addresses for network interface WAN Miniport (L2TP)
2021-05-08T16:37:39.915+0200 [DEBUG] [org.gradle.internal.remote.internal.inet.InetAddresses] Is this a loopback interface? false
2021-05-08T16:37:39.915+0200 [DEBUG] [org.gradle.internal.remote.internal.inet.InetAddresses] Adding IP addresses for network interface Microsoft Wi-Fi Direct Virtual Adapter #4
2021-05-08T16:37:39.918+0200 [DEBUG] [org.gradle.internal.remote.internal.inet.InetAddresses] Is this a loopback interface? false
2021-05-08T16:37:39.918+0200 [DEBUG] [org.gradle.internal.remote.internal.inet.InetAddresses] Adding remote address /fe80:0:0:0:40a7:ea5:cc2f:86dc%wlan3
2021-05-08T16:37:39.919+0200 [DEBUG] [org.gradle.internal.remote.internal.inet.InetAddresses] Adding IP addresses for network interface Microsoft Wi-Fi Direct Virtual Adapter #2
2021-05-08T16:37:39.921+0200 [DEBUG] [org.gradle.internal.remote.internal.inet.InetAddresses] Is this a loopback interface? false
2021-05-08T16:37:39.921+0200 [DEBUG] [org.gradle.internal.remote.internal.inet.InetAddresses] Adding IP addresses for network interface WAN Miniport (IP)
2021-05-08T16:37:39.924+0200 [DEBUG] [org.gradle.internal.remote.internal.inet.InetAddresses] Is this a loopback interface? false
2021-05-08T16:37:39.925+0200 [DEBUG] [org.gradle.internal.remote.internal.inet.InetAddresses] Adding IP addresses for network interface WAN Miniport (IPv6)
2021-05-08T16:37:39.928+0200 [DEBUG] [org.gradle.internal.remote.internal.inet.InetAddresses] Is this a loopback interface? false
2021-05-08T16:37:39.928+0200 [DEBUG] [org.gradle.internal.remote.internal.inet.InetAddresses] Adding IP addresses for network interface Intel(R) Ethernet Connection (3) I218-LM-WFP Native MAC Layer LightWeight Filter-0000
2021-05-08T16:37:39.932+0200 [DEBUG] [org.gradle.internal.remote.internal.inet.InetAddresses] Is this a loopback interface? false
2021-05-08T16:37:39.933+0200 [DEBUG] [org.gradle.internal.remote.internal.inet.InetAddresses] Adding IP addresses for network interface Intel(R) Ethernet Connection (3) I218-LM-QoS Packet Scheduler-0000
2021-05-08T16:37:39.935+0200 [DEBUG] [org.gradle.internal.remote.internal.inet.InetAddresses] Is this a loopback interface? false
2021-05-08T16:37:39.936+0200 [DEBUG] [org.gradle.internal.remote.internal.inet.InetAddresses] Adding IP addresses for network interface Intel(R) Ethernet Connection (3) I218-LM-WFP 802.3 MAC Layer LightWeight Filter-0000
2021-05-08T16:37:39.938+0200 [DEBUG] [org.gradle.internal.remote.internal.inet.InetAddresses] Is this a loopback interface? false
2021-05-08T16:37:39.938+0200 [DEBUG] [org.gradle.internal.remote.internal.inet.InetAddresses] Adding IP addresses for network interface Intel(R) Dual Band Wireless-AC 7265-WFP Native MAC Layer LightWeight Filter-0000
2021-05-08T16:37:39.942+0200 [DEBUG] [org.gradle.internal.remote.internal.inet.InetAddresses] Is this a loopback interface? false
2021-05-08T16:37:39.942+0200 [DEBUG] [org.gradle.internal.remote.internal.inet.InetAddresses] Adding IP addresses for network interface Intel(R) Dual Band Wireless-AC 7265-Virtual WiFi Filter Driver-0000
2021-05-08T16:37:39.945+0200 [DEBUG] [org.gradle.internal.remote.internal.inet.InetAddresses] Is this a loopback interface? false
2021-05-08T16:37:39.945+0200 [DEBUG] [org.gradle.internal.remote.internal.inet.InetAddresses] Adding IP addresses for network interface Intel(R) Dual Band Wireless-AC 7265-Native WiFi Filter Driver-0000
2021-05-08T16:37:39.949+0200 [DEBUG] [org.gradle.internal.remote.internal.inet.InetAddresses] Is this a loopback interface? false
2021-05-08T16:37:39.949+0200 [DEBUG] [org.gradle.internal.remote.internal.inet.InetAddresses] Adding IP addresses for network interface Intel(R) Dual Band Wireless-AC 7265-QoS Packet Scheduler-0000
2021-05-08T16:37:39.953+0200 [DEBUG] [org.gradle.internal.remote.internal.inet.InetAddresses] Is this a loopback interface? false
2021-05-08T16:37:39.954+0200 [DEBUG] [org.gradle.internal.remote.internal.inet.InetAddresses] Adding IP addresses for network interface Intel(R) Dual Band Wireless-AC 7265-WFP 802.3 MAC Layer LightWeight Filter-0000
2021-05-08T16:37:39.962+0200 [DEBUG] [org.gradle.internal.remote.internal.inet.InetAddresses] Is this a loopback interface? false
2021-05-08T16:37:39.962+0200 [DEBUG] [org.gradle.internal.remote.internal.inet.InetAddresses] Adding IP addresses for network interface Microsoft Wi-Fi Direct Virtual Adapter #3-WFP Native MAC Layer LightWeight Filter-0000
2021-05-08T16:37:39.967+0200 [DEBUG] [org.gradle.internal.remote.internal.inet.InetAddresses] Is this a loopback interface? false
2021-05-08T16:37:39.967+0200 [DEBUG] [org.gradle.internal.remote.internal.inet.InetAddresses] Adding IP addresses for network interface Microsoft Wi-Fi Direct Virtual Adapter #3-Native WiFi Filter Driver-0000
2021-05-08T16:37:39.972+0200 [DEBUG] [org.gradle.internal.remote.internal.inet.InetAddresses] Is this a loopback interface? false
2021-05-08T16:37:39.973+0200 [DEBUG] [org.gradle.internal.remote.internal.inet.InetAddresses] Adding IP addresses for network interface WAN Miniport (IP)-WFP Native MAC Layer LightWeight Filter-0000
2021-05-08T16:37:39.976+0200 [DEBUG] [org.gradle.internal.remote.internal.inet.InetAddresses] Is this a loopback interface? false
2021-05-08T16:37:39.977+0200 [DEBUG] [org.gradle.internal.remote.internal.inet.InetAddresses] Adding IP addresses for network interface WAN Miniport (IP)-QoS Packet Scheduler-0000
2021-05-08T16:37:39.980+0200 [DEBUG] [org.gradle.internal.remote.internal.inet.InetAddresses] Is this a loopback interface? false
2021-05-08T16:37:39.980+0200 [DEBUG] [org.gradle.internal.remote.internal.inet.InetAddresses] Adding IP addresses for network interface WAN Miniport (IPv6)-WFP Native MAC Layer LightWeight Filter-0000
2021-05-08T16:37:39.984+0200 [DEBUG] [org.gradle.internal.remote.internal.inet.InetAddresses] Is this a loopback interface? false
2021-05-08T16:37:39.984+0200 [DEBUG] [org.gradle.internal.remote.internal.inet.InetAddresses] Adding IP addresses for network interface WAN Miniport (IPv6)-QoS Packet Scheduler-0000
2021-05-08T16:37:39.988+0200 [DEBUG] [org.gradle.internal.remote.internal.inet.InetAddresses] Is this a loopback interface? false
2021-05-08T16:37:39.988+0200 [DEBUG] [org.gradle.internal.remote.internal.inet.InetAddresses] Adding IP addresses for network interface WAN Miniport (Network Monitor)-WFP Native MAC Layer LightWeight Filter-0000
2021-05-08T16:37:39.991+0200 [DEBUG] [org.gradle.internal.remote.internal.inet.InetAddresses] Is this a loopback interface? false
2021-05-08T16:37:39.992+0200 [DEBUG] [org.gradle.internal.remote.internal.inet.InetAddresses] Adding IP addresses for network interface WAN Miniport (Network Monitor)-QoS Packet Scheduler-0000
2021-05-08T16:37:39.995+0200 [DEBUG] [org.gradle.internal.remote.internal.inet.InetAddresses] Is this a loopback interface? false
2021-05-08T16:37:39.995+0200 [DEBUG] [org.gradle.internal.remote.internal.inet.InetAddresses] Adding IP addresses for network interface Microsoft Wi-Fi Direct Virtual Adapter #3-QoS Packet Scheduler-0000
2021-05-08T16:37:39.998+0200 [DEBUG] [org.gradle.internal.remote.internal.inet.InetAddresses] Is this a loopback interface? false
2021-05-08T16:37:39.998+0200 [DEBUG] [org.gradle.internal.remote.internal.inet.InetAddresses] Adding IP addresses for network interface Microsoft Wi-Fi Direct Virtual Adapter #3-WFP 802.3 MAC Layer LightWeight Filter-0000
2021-05-08T16:37:40.000+0200 [DEBUG] [org.gradle.internal.remote.internal.inet.InetAddresses] Is this a loopback interface? false
2021-05-08T16:37:40.000+0200 [DEBUG] [org.gradle.internal.remote.internal.inet.InetAddresses] Adding IP addresses for network interface Microsoft Wi-Fi Direct Virtual Adapter #4-WFP Native MAC Layer LightWeight Filter-0000
2021-05-08T16:37:40.003+0200 [DEBUG] [org.gradle.internal.remote.internal.inet.InetAddresses] Is this a loopback interface? false
2021-05-08T16:37:40.003+0200 [DEBUG] [org.gradle.internal.remote.internal.inet.InetAddresses] Adding IP addresses for network interface Microsoft Wi-Fi Direct Virtual Adapter #4-Native WiFi Filter Driver-0000
2021-05-08T16:37:40.006+0200 [DEBUG] [org.gradle.internal.remote.internal.inet.InetAddresses] Is this a loopback interface? false
2021-05-08T16:37:40.007+0200 [DEBUG] [org.gradle.internal.remote.internal.inet.InetAddresses] Adding IP addresses for network interface Microsoft Wi-Fi Direct Virtual Adapter #4-QoS Packet Scheduler-0000
2021-05-08T16:37:40.009+0200 [DEBUG] [org.gradle.internal.remote.internal.inet.InetAddresses] Is this a loopback interface? false
2021-05-08T16:37:40.010+0200 [DEBUG] [org.gradle.internal.remote.internal.inet.InetAddresses] Adding IP addresses for network interface Microsoft Wi-Fi Direct Virtual Adapter #4-WFP 802.3 MAC Layer LightWeight Filter-0000
2021-05-08T16:37:40.014+0200 [DEBUG] [org.gradle.internal.remote.internal.inet.InetAddresses] Is this a loopback interface? false
2021-05-08T16:37:40.018+0200 [DEBUG] [org.gradle.internal.remote.internal.inet.TcpIncomingConnector] Listening on [3645b048-72b6-4856-ad9d-243038ee8422 port:54483, addresses:[localhost/127.0.0.1]].
2021-05-08T16:37:40.024+0200 [DEBUG] [org.gradle.launcher.daemon.server.Daemon] Daemon starting at: Sat May 08 16:37:40 CEST 2021, with address: [3645b048-72b6-4856-ad9d-243038ee8422 port:54483, addresses:[localhost/127.0.0.1]]
2021-05-08T16:37:40.024+0200 [INFO] [org.gradle.launcher.daemon.server.DaemonRegistryUpdater] Advertising the daemon address to the clients: [3645b048-72b6-4856-ad9d-243038ee8422 port:54483, addresses:[localhost/127.0.0.1]]
2021-05-08T16:37:40.024+0200 [DEBUG] [org.gradle.launcher.daemon.server.DaemonRegistryUpdater] Advertised daemon context: DefaultDaemonContext[uid=7d4a4630-82ca-479e-8f1c-39e8a41653f0,javaHome=C:\Program Files\Android\Android Studio\jre,daemonRegistryDir=C:\Users\Dell e7250\Documents\MINI PROJECT 2021\group-17\android\daemon,pid=27192,idleTimeout=10800000,priority=NORMAL,daemonOpts=-Xmx2048m,-Dfile.encoding=UTF-8,-Duser.country=US,-Duser.language=en,-Duser.variant]
2021-05-08T16:37:40.026+0200 [DEBUG] [org.gradle.launcher.daemon.registry.PersistentDaemonRegistry] Storing daemon address: [3645b048-72b6-4856-ad9d-243038ee8422 port:54483, addresses:[localhost/127.0.0.1]], context: DefaultDaemonContext[uid=7d4a4630-82ca-479e-8f1c-39e8a41653f0,javaHome=C:\Program Files\Android\Android Studio\jre,daemonRegistryDir=C:\Users\Dell e7250\Documents\MINI PROJECT 2021\group-17\android\daemon,pid=27192,idleTimeout=10800000,priority=NORMAL,daemonOpts=-Xmx2048m,-Dfile.encoding=UTF-8,-Duser.country=US,-Duser.language=en,-Duser.variant]
2021-05-08T16:37:40.038+0200 [DEBUG] [org.gradle.cache.internal.DefaultFileLockManager] Waiting to acquire exclusive lock on daemon addresses registry.
2021-05-08T16:37:40.041+0200 [DEBUG] [org.gradle.cache.internal.DefaultFileLockManager] Lock acquired on daemon addresses registry.
2021-05-08T16:37:40.051+0200 [DEBUG] [org.gradle.cache.internal.DefaultFileLockManager] Releasing lock on daemon addresses registry.
2021-05-08T16:37:40.052+0200 [LIFECYCLE] [org.gradle.launcher.daemon.server.Daemon] Daemon server started.
2021-05-08T16:37:40.055+0200 [DEBUG] [org.gradle.launcher.daemon.bootstrap.DaemonStartupCommunication] Completed writing the daemon greeting. Closing streams...
2021-05-08T16:37:40.066+0200 [DEBUG] [org.gradle.launcher.daemon.server.Daemon] stopOnExpiration() called on daemon
2021-05-08T16:37:40.069+0200 [DEBUG] [org.gradle.launcher.daemon.server.Daemon] awaitExpiration() called on daemon
2021-05-08T16:37:40.070+0200 [DEBUG] [org.gradle.launcher.daemon.server.DaemonStateCoordinator] daemon is running. Sleeping until state changes.
2021-05-08T16:37:40.077+0200 [DEBUG] [org.gradle.internal.remote.internal.inet.TcpIncomingConnector] Accepted connection from /127.0.0.1:54484 to /127.0.0.1:54483.
2021-05-08T16:37:40.254+0200 [DEBUG] [org.gradle.launcher.daemon.server.SynchronizedDispatchConnection] thread 17: received class org.gradle.launcher.daemon.protocol.Build
2021-05-08T16:37:40.255+0200 [DEBUG] [org.gradle.launcher.daemon.server.DefaultDaemonConnection] thread 17: Received non-IO message from client: Build{id=39f93fb2-0f00-4b16-98a5-045af1ab8ac0, currentDir=C:\Users\Dell e7250\AndroidStudioProjects\DeliRoverApp}
2021-05-08T16:37:40.255+0200 [INFO] [org.gradle.launcher.daemon.server.DefaultIncomingConnectionHandler] Received command: Build{id=39f93fb2-0f00-4b16-98a5-045af1ab8ac0, currentDir=C:\Users\Dell e7250\AndroidStudioProjects\DeliRoverApp}.
2021-05-08T16:37:40.255+0200 [DEBUG] [org.gradle.launcher.daemon.server.DefaultIncomingConnectionHandler] Starting executing command: Build{id=39f93fb2-0f00-4b16-98a5-045af1ab8ac0, currentDir=C:\Users\Dell e7250\AndroidStudioProjects\DeliRoverApp} with connection: socket connection from /127.0.0.1:54483 to /127.0.0.1:54484.
2021-05-08T16:37:40.263+0200 [ERROR] [org.gradle.launcher.daemon.server.DaemonStateCoordinator] Command execution: started DaemonCommandExecution[command = Build{id=39f93fb2-0f00-4b16-98a5-045af1ab8ac0, currentDir=C:\Users\Dell e7250\AndroidStudioProjects\DeliRoverApp}, connection = DefaultDaemonConnection: socket connection from /127.0.0.1:54483 to /127.0.0.1:54484] after 0.0 minutes of idle
2021-05-08T16:37:40.264+0200 [INFO] [org.gradle.launcher.daemon.server.DaemonRegistryUpdater] Marking the daemon as busy, address: [3645b048-72b6-4856-ad9d-243038ee8422 port:54483, addresses:[localhost/127.0.0.1]]
2021-05-08T16:37:40.264+0200 [DEBUG] [org.gradle.launcher.daemon.registry.PersistentDaemonRegistry] Marking busy by address: [3645b048-72b6-4856-ad9d-243038ee8422 port:54483, addresses:[localhost/127.0.0.1]]
2021-05-08T16:37:40.267+0200 [DEBUG] [org.gradle.cache.internal.DefaultFileLockManager] Waiting to acquire exclusive lock on daemon addresses registry.
2021-05-08T16:37:40.269+0200 [DEBUG] [org.gradle.cache.internal.DefaultFileLockManager] Lock acquired on daemon addresses registry.
2021-05-08T16:37:40.272+0200 [DEBUG] [org.gradle.cache.internal.DefaultFileLockManager] Releasing lock on daemon addresses registry.
2021-05-08T16:37:40.274+0200 [DEBUG] [org.gradle.launcher.daemon.server.DaemonStateCoordinator] resetting idle timer
2021-05-08T16:37:40.274+0200 [DEBUG] [org.gradle.launcher.daemon.server.DaemonStateCoordinator] daemon is running. Sleeping until state changes.
2021-05-08T16:37:40.275+0200 [INFO] [org.gradle.launcher.daemon.server.exec.StartBuildOrRespondWithBusy] Daemon is about to start building Build{id=39f93fb2-0f00-4b16-98a5-045af1ab8ac0, currentDir=C:\Users\Dell e7250\AndroidStudioProjects\DeliRoverApp}. Dispatching build started information...
2021-05-08T16:37:40.276+0200 [DEBUG] [org.gradle.launcher.daemon.server.SynchronizedDispatchConnection] thread 19: dispatching org.gradle.launcher.daemon.protocol.BuildStarted@5f74707
2021-05-08T16:37:40.280+0200 [DEBUG] [org.gradle.launcher.daemon.server.exec.EstablishBuildEnvironment] Configuring env variables: {USERDOMAIN_ROAMINGPROFILE=DESKTOP-Q88B2D7, PROCESSOR_LEVEL=6, SESSIONNAME=Console, ALLUSERSPROFILE=C:\ProgramData, PROCESSOR_ARCHITECTURE=AMD64, PSModulePath=C:\Program Files (x86)\WindowsPowerShell\Modules;C:\WINDOWS\system32\WindowsPowerShell\v1.0\Modules;C:\Program Files (x86)\AutoIt3\AutoItX, SystemDrive=C:, MAVEN_HOME=C:\Maven, MOZ_PLUGIN_PATH=C:\Program Files (x86)\Foxit Software\Foxit Reader\plugins\, USERNAME=Dell e7250, MOSQUITTO_DIR=C:\Program Files\Mosquitto, ProgramFiles(x86)=C:\Program Files (x86), PATHEXT=.COM;.EXE;.BAT;.CMD;.VBS;.VBE;.JS;.JSE;.WSF;.WSH;.MSC, DriverData=C:\Windows\System32\Drivers\DriverData, OneDriveConsumer=C:\Users\Dell e7250\OneDrive, ProgramData=C:\ProgramData, ProgramW6432=C:\Program Files, HOMEPATH=\Users\Dell e7250, PROCESSOR_IDENTIFIER=Intel64 Family 6 Model 61 Stepping 4, GenuineIntel, M2_HOME=C:\Maven, ProgramFiles=C:\Program Files, PUBLIC=C:\Users\Public, windir=C:\WINDOWS, MONGO_HOME=C:\Program Files\MongoDB\Server\4.2, =::=::\, OPENSSL_CONF=C:\Program Files\OpenSSL-Win64\bin\openssl.cfg, LOCALAPPDATA=C:\Users\Dell e7250\AppData\Local, ChocolateyLastPathUpdate=132620677725667694, USERDOMAIN=DESKTOP-Q88B2D7, LOGONSERVER=\\DESKTOP-Q88B2D7, JAVA_HOME=C:\Program Files\Java\jdk-13.0.2, OneDrive=C:\Users\Dell e7250\OneDrive, APPDATA=C:\Users\Dell e7250\AppData\Roaming, ChocolateyInstall=C:\ProgramData\chocolatey, CommonProgramFiles=C:\Program Files\Common Files, Path=C:\WINDOWS\system32;C:\WINDOWS;C:\WINDOWS\System32\Wbem;C:\WINDOWS\System32\WindowsPowerShell\v1.0\;C:\WINDOWS\System32\OpenSSH\;C:\Program Files\Java\jdk-13.0.2\bin;C:\Maven\bin;C:\Maven\bin;C:\Program Files\MongoDB\Server\4.2\bin;C:\Program Files\PostgreSQL\13\bin;C:\Program Files\PostgreSQL\13\lib;C:\ProgramData\chocolatey\bin;C:\Program Files\Git\cmd;C:\Program Files\CMake\bin;C:\Users\Dell e7250\AppData\Local\Microsoft\WindowsApps;;C:\Users\Dell e7250\AppData\Local\Programs\Microsoft VS Code\bin;C:\Program Files\OpenSSL-Win64\bin;, OS=Windows_NT, COMPUTERNAME=DESKTOP-Q88B2D7, PROCESSOR_REVISION=3d04, CommonProgramW6432=C:\Program Files\Common Files, ComSpec=C:\WINDOWS\system32\cmd.exe, PGCLIENTENCODING=UTF8, SystemRoot=C:\WINDOWS, TEMP=C:\Users\DELLE7~1\AppData\Local\Temp, USERPROFILE=C:\Users\Dell e7250, HOMEDRIVE=C:, TMP=C:\Users\DELLE7~1\AppData\Local\Temp, CommonProgramFiles(x86)=C:\Program Files (x86)\Common Files, NUMBER_OF_PROCESSORS=4, IDEA_INITIAL_DIRECTORY=C:\ProgramData\Microsoft\Windows\Start Menu\Programs\Android Studio}
2021-05-08T16:37:40.291+0200 [DEBUG] [org.gradle.launcher.daemon.server.SynchronizedDispatchConnection] thread 17: received class org.gradle.launcher.daemon.protocol.CloseInput
2021-05-08T16:37:40.292+0200 [DEBUG] [org.gradle.launcher.daemon.server.DefaultDaemonConnection] thread 17: Received IO message from client: org.gradle.launcher.daemon.protocol.CloseInput@3689a997
2021-05-08T16:37:40.349+0200 [DEBUG] [org.gradle.launcher.daemon.server.exec.LogToClient] About to start relaying all logs to the client via the connection.
2021-05-08T16:37:40.350+0200 [INFO] [org.gradle.launcher.daemon.server.exec.LogToClient] The client will now receive all logging from the daemon (pid: 27192). The daemon log file: C:\Users\Dell e7250\Documents\MINI PROJECT 2021\group-17\android\daemon\6.5\daemon-27192.out.log
2021-05-08T16:37:40.354+0200 [INFO] [org.gradle.launcher.daemon.server.exec.LogAndCheckHealth] Starting build in new daemon [memory: 1.9 GB]
2021-05-08T16:37:40.358+0200 [INFO] [org.gradle.launcher.daemon.server.exec.ForwardClientInput] Closing daemon's stdin at end of input.
2021-05-08T16:37:40.358+0200 [INFO] [org.gradle.launcher.daemon.server.exec.ForwardClientInput] The daemon will no longer process any standard input.
2021-05-08T16:37:40.383+0200 [DEBUG] [org.gradle.launcher.daemon.server.exec.ExecuteBuild] The daemon has started executing the build.
2021-05-08T16:37:40.384+0200 [DEBUG] [org.gradle.launcher.daemon.server.exec.ExecuteBuild] Executing build with daemon context: DefaultDaemonContext[uid=7d4a4630-82ca-479e-8f1c-39e8a41653f0,javaHome=C:\Program Files\Android\Android Studio\jre,daemonRegistryDir=C:\Users\Dell e7250\Documents\MINI PROJECT 2021\group-17\android\daemon,pid=27192,idleTimeout=10800000,priority=NORMAL,daemonOpts=-Xmx2048m,-Dfile.encoding=UTF-8,-Duser.country=US,-Duser.language=en,-Duser.variant]

BUILD SUCCESSFUL in 1m 36s
25 actionable tasks: 3 executed, 22 up-to-date
2021-05-08T16:39:11.669+0200 [DEBUG] [org.gradle.launcher.daemon.server.exec.ExecuteBuild] The daemon has finished executing the build.
2021-05-08T16:39:11.686+0200 [DEBUG] [org.gradle.launcher.daemon.server.DaemonStateCoordinator] daemon is running. Sleeping until state changes.
2021-05-08T16:39:11.687+0200 [DEBUG] [org.gradle.launcher.daemon.server.DaemonStateCoordinator] Command execution: finished waiting for DaemonCommandExecution[command = Build{id=39f93fb2-0f00-4b16-98a5-045af1ab8ac0, currentDir=C:\Users\Dell e7250\AndroidStudioProjects\DeliRoverApp}, connection = DefaultDaemonConnection: socket connection from /127.0.0.1:54483 to /127.0.0.1:54484]. Result org.gradle.launcher.daemon.server.DaemonStateCoordinator@402f525d with state Busy
2021-05-08T16:39:11.687+0200 [DEBUG] [org.gradle.launcher.daemon.server.DaemonStateCoordinator] Command execution: completed DaemonCommandExecution[command = Build{id=39f93fb2-0f00-4b16-98a5-045af1ab8ac0, currentDir=C:\Users\Dell e7250\AndroidStudioProjects\DeliRoverApp}, connection = DefaultDaemonConnection: socket connection from /127.0.0.1:54483 to /127.0.0.1:54484]
2021-05-08T16:39:11.687+0200 [DEBUG] [org.gradle.launcher.daemon.server.DaemonStateCoordinator] resetting idle timer
2021-05-08T16:39:11.687+0200 [INFO] [org.gradle.launcher.daemon.server.DaemonRegistryUpdater] Marking the daemon as idle, address: [3645b048-72b6-4856-ad9d-243038ee8422 port:54483, addresses:[localhost/127.0.0.1]]
2021-05-08T16:39:11.688+0200 [DEBUG] [org.gradle.launcher.daemon.registry.PersistentDaemonRegistry] Marking busy by address: [3645b048-72b6-4856-ad9d-243038ee8422 port:54483, addresses:[localhost/127.0.0.1]]
2021-05-08T16:39:11.690+0200 [DEBUG] [org.gradle.cache.internal.DefaultFileLockManager] Waiting to acquire exclusive lock on daemon addresses registry.
2021-05-08T16:39:11.690+0200 [DEBUG] [org.gradle.cache.internal.DefaultFileLockManager] Lock acquired on daemon addresses registry.
2021-05-08T16:39:11.696+0200 [DEBUG] [org.gradle.cache.internal.DefaultFileLockManager] Releasing lock on daemon addresses registry.
2021-05-08T16:39:11.697+0200 [DEBUG] [org.gradle.launcher.daemon.server.DaemonStateCoordinator] daemon is running. Sleeping until state changes.
2021-05-08T16:39:11.697+0200 [DEBUG] [org.gradle.launcher.daemon.server.exec.ReturnResult] Daemon is dispatching the build result: Success[value=org.gradle.launcher.exec.BuildActionResult@1650432f]
2021-05-08T16:39:11.698+0200 [DEBUG] [org.gradle.launcher.daemon.server.SynchronizedDispatchConnection] thread 16: dispatching Success[value=org.gradle.launcher.exec.BuildActionResult@1650432f]
2021-05-08T16:39:11.704+0200 [DEBUG] [org.gradle.launcher.daemon.server.DefaultIncomingConnectionHandler] Finishing executing command: Build{id=39f93fb2-0f00-4b16-98a5-045af1ab8ac0, currentDir=C:\Users\Dell e7250\AndroidStudioProjects\DeliRoverApp}
2021-05-08T16:39:11.705+0200 [DEBUG] [org.gradle.launcher.daemon.server.SynchronizedDispatchConnection] thread 17: received class org.gradle.launcher.daemon.protocol.Finished
2021-05-08T16:39:11.706+0200 [DEBUG] [org.gradle.launcher.daemon.server.DefaultDaemonConnection] thread 17: Received non-IO message from client: org.gradle.launcher.daemon.protocol.Finished@725e5306
2021-05-08T16:39:11.707+0200 [DEBUG] [org.gradle.internal.remote.internal.inet.SocketConnection] Discarding EOFException: java.io.EOFException
2021-05-08T16:39:11.708+0200 [DEBUG] [org.gradle.launcher.daemon.server.SynchronizedDispatchConnection] thread 17: received null
2021-05-08T16:39:11.708+0200 [DEBUG] [org.gradle.launcher.daemon.server.DefaultDaemonConnection] thread 17: Received end-of-input from client.
2021-05-08T16:39:11.708+0200 [DEBUG] [org.gradle.launcher.daemon.server.DefaultIncomingConnectionHandler] Received finished message: null
2021-05-08T16:39:11.709+0200 [DEBUG] [org.gradle.launcher.daemon.server.SynchronizedDispatchConnection] thread 16: stopping connection
2021-05-08T16:39:11.711+0200 [DEBUG] [org.gradle.launcher.daemon.server.SynchronizedDispatchConnection] thread 16: stopping connection
2021-05-08T16:39:16.284+0200 [DEBUG] [org.gradle.process.internal.health.memory.DefaultMemoryManager] 840633139 memory requested, 258904064 free
2021-05-08T16:39:16.285+0200 [DEBUG] [org.gradle.workers.internal.WorkerDaemonExpiration] Will attempt to release 801 of memory
2021-05-08T16:39:16.285+0200 [DEBUG] [org.gradle.process.internal.health.memory.DefaultMemoryManager] 840633139 memory requested, 0 released, 258904064 free
2021-05-08T16:39:20.082+0200 [DEBUG] [org.gradle.cache.internal.DefaultFileLockManager] Waiting to acquire shared lock on daemon addresses registry.
2021-05-08T16:39:20.083+0200 [DEBUG] [org.gradle.cache.internal.DefaultFileLockManager] Lock acquired on daemon addresses registry.
2021-05-08T16:39:20.083+0200 [DEBUG] [org.gradle.cache.internal.DefaultFileLockManager] Releasing lock on daemon addresses registry.
2021-05-08T16:39:20.085+0200 [DEBUG] [org.gradle.cache.internal.DefaultFileLockManager] Waiting to acquire shared lock on daemon addresses registry.
2021-05-08T16:39:20.085+0200 [DEBUG] [org.gradle.cache.internal.DefaultFileLockManager] Lock acquired on daemon addresses registry.
2021-05-08T16:39:20.085+0200 [DEBUG] [org.gradle.cache.internal.DefaultFileLockManager] Releasing lock on daemon addresses registry.
2021-05-08T16:39:21.241+0200 [DEBUG] [org.gradle.process.internal.health.memory.DefaultMemoryManager] 840633139 memory requested, 486440960 free
2021-05-08T16:39:21.241+0200 [DEBUG] [org.gradle.workers.internal.WorkerDaemonExpiration] Will attempt to release 801 of memory
2021-05-08T16:39:21.241+0200 [DEBUG] [org.gradle.process.internal.health.memory.DefaultMemoryManager] 840633139 memory requested, 0 released, 486440960 free
2021-05-08T16:39:26.242+0200 [DEBUG] [org.gradle.process.internal.health.memory.DefaultMemoryManager] 840633139 memory requested, 501161984 free
2021-05-08T16:39:26.242+0200 [DEBUG] [org.gradle.workers.internal.WorkerDaemonExpiration] Will attempt to release 801 of memory
2021-05-08T16:39:26.243+0200 [DEBUG] [org.gradle.process.internal.health.memory.DefaultMemoryManager] 840633139 memory requested, 0 released, 501161984 free
2021-05-08T16:39:30.072+0200 [DEBUG] [org.gradle.cache.internal.DefaultFileLockManager] Waiting to acquire shared lock on daemon addresses registry.
2021-05-08T16:39:30.073+0200 [DEBUG] [org.gradle.cache.internal.DefaultFileLockManager] Lock acquired on daemon addresses registry.
2021-05-08T16:39:30.074+0200 [DEBUG] [org.gradle.cache.internal.DefaultFileLockManager] Releasing lock on daemon addresses registry.
2021-05-08T16:39:30.075+0200 [DEBUG] [org.gradle.cache.internal.DefaultFileLockManager] Waiting to acquire shared lock on daemon addresses registry.
2021-05-08T16:39:30.075+0200 [DEBUG] [org.gradle.cache.internal.DefaultFileLockManager] Lock acquired on daemon addresses registry.
2021-05-08T16:39:30.075+0200 [DEBUG] [org.gradle.cache.internal.DefaultFileLockManager] Releasing lock on daemon addresses registry.
2021-05-08T16:39:30.076+0200 [DEBUG] [org.gradle.cache.internal.DefaultFileLockManager] Waiting to acquire shared lock on daemon addresses registry.
2021-05-08T16:39:30.076+0200 [DEBUG] [org.gradle.cache.internal.DefaultFileLockManager] Lock acquired on daemon addresses registry.
2021-05-08T16:39:30.077+0200 [DEBUG] [org.gradle.cache.internal.DefaultFileLockManager] Releasing lock on daemon addresses registry.
2021-05-08T16:39:31.232+0200 [DEBUG] [org.gradle.process.internal.health.memory.DefaultMemoryManager] 840633139 memory requested, 539443200 free
2021-05-08T16:39:31.232+0200 [DEBUG] [org.gradle.workers.internal.WorkerDaemonExpiration] Will attempt to release 801 of memory
2021-05-08T16:39:31.232+0200 [DEBUG] [org.gradle.process.internal.health.memory.DefaultMemoryManager] 840633139 memory requested, 0 released, 539443200 free
2021-05-08T16:39:36.271+0200 [DEBUG] [org.gradle.process.internal.health.memory.DefaultMemoryManager] 840633139 memory requested, 489771008 free
2021-05-08T16:39:36.272+0200 [DEBUG] [org.gradle.workers.internal.WorkerDaemonExpiration] Will attempt to release 801 of memory
2021-05-08T16:39:36.272+0200 [DEBUG] [org.gradle.process.internal.health.memory.DefaultMemoryManager] 840633139 memory requested, 0 released, 489771008 free
2021-05-08T16:39:40.078+0200 [DEBUG] [org.gradle.cache.internal.DefaultFileLockManager] Waiting to acquire shared lock on daemon addresses registry.
2021-05-08T16:39:40.078+0200 [DEBUG] [org.gradle.cache.internal.DefaultFileLockManager] Lock acquired on daemon addresses registry.
2021-05-08T16:39:40.080+0200 [DEBUG] [org.gradle.cache.internal.DefaultFileLockManager] Releasing lock on daemon addresses registry.
2021-05-08T16:39:40.085+0200 [DEBUG] [org.gradle.cache.internal.DefaultFileLockManager] Waiting to acquire shared lock on daemon addresses registry.
2021-05-08T16:39:40.086+0200 [DEBUG] [org.gradle.cache.internal.DefaultFileLockManager] Lock acquired on daemon addresses registry.
2021-05-08T16:39:40.088+0200 [DEBUG] [org.gradle.cache.internal.DefaultFileLockManager] Releasing lock on daemon addresses registry.
2021-05-08T16:39:40.142+0200 [DEBUG] [org.gradle.cache.internal.DefaultFileLockManager] Waiting to acquire shared lock on daemon addresses registry.
2021-05-08T16:39:40.143+0200 [DEBUG] [org.gradle.cache.internal.DefaultFileLockManager] Lock acquired on daemon addresses registry.
2021-05-08T16:39:40.143+0200 [DEBUG] [org.gradle.cache.internal.DefaultFileLockManager] Releasing lock on daemon addresses registry.
2021-05-08T16:39:41.242+0200 [DEBUG] [org.gradle.process.internal.health.memory.DefaultMemoryManager] 840633139 memory requested, 486404096 free
2021-05-08T16:39:41.247+0200 [DEBUG] [org.gradle.workers.internal.WorkerDaemonExpiration] Will attempt to release 801 of memory
2021-05-08T16:39:41.248+0200 [DEBUG] [org.gradle.process.internal.health.memory.DefaultMemoryManager] 840633139 memory requested, 0 released, 486404096 free
2021-05-08T16:39:46.233+0200 [DEBUG] [org.gradle.process.internal.health.memory.DefaultMemoryManager] 840633139 memory requested, 426549248 free
2021-05-08T16:39:46.233+0200 [DEBUG] [org.gradle.workers.internal.WorkerDaemonExpiration] Will attempt to release 801 of memory
2021-05-08T16:39:46.234+0200 [DEBUG] [org.gradle.process.internal.health.memory.DefaultMemoryManager] 840633139 memory requested, 0 released, 426549248 free
2021-05-08T16:39:50.073+0200 [DEBUG] [org.gradle.cache.internal.DefaultFileLockManager] Waiting to acquire shared lock on daemon addresses registry.
2021-05-08T16:39:50.073+0200 [DEBUG] [org.gradle.cache.internal.DefaultFileLockManager] Lock acquired on daemon addresses registry.
2021-05-08T16:39:50.074+0200 [DEBUG] [org.gradle.cache.internal.DefaultFileLockManager] Releasing lock on daemon addresses registry.
2021-05-08T16:39:50.075+0200 [DEBUG] [org.gradle.cache.internal.DefaultFileLockManager] Waiting to acquire shared lock on daemon addresses registry.
2021-05-08T16:39:50.075+0200 [DEBUG] [org.gradle.cache.internal.DefaultFileLockManager] Lock acquired on daemon addresses registry.
2021-05-08T16:39:50.075+0200 [DEBUG] [org.gradle.cache.internal.DefaultFileLockManager] Releasing lock on daemon addresses registry.
2021-05-08T16:39:50.076+0200 [DEBUG] [org.gradle.cache.internal.DefaultFileLockManager] Waiting to acquire shared lock on daemon addresses registry.
2021-05-08T16:39:50.077+0200 [DEBUG] [org.gradle.cache.internal.DefaultFileLockManager] Lock acquired on daemon addresses registry.
2021-05-08T16:39:50.077+0200 [DEBUG] [org.gradle.cache.internal.DefaultFileLockManager] Releasing lock on daemon addresses registry.
2021-05-08T16:39:51.233+0200 [DEBUG] [org.gradle.process.internal.health.memory.DefaultMemoryManager] 840633139 memory requested, 456421376 free
2021-05-08T16:39:51.234+0200 [DEBUG] [org.gradle.workers.internal.WorkerDaemonExpiration] Will attempt to release 801 of memory
2021-05-08T16:39:51.234+0200 [DEBUG] [org.gradle.process.internal.health.memory.DefaultMemoryManager] 840633139 memory requested, 0 released, 456421376 free
2021-05-08T16:39:56.230+0200 [DEBUG] [org.gradle.process.internal.health.memory.DefaultMemoryManager] 840633139 memory requested, 483573760 free
2021-05-08T16:39:56.230+0200 [DEBUG] [org.gradle.workers.internal.WorkerDaemonExpiration] Will attempt to release 801 of memory
2021-05-08T16:39:56.230+0200 [DEBUG] [org.gradle.process.internal.health.memory.DefaultMemoryManager] 840633139 memory requested, 0 released, 483573760 free
2021-05-08T16:40:00.076+0200 [DEBUG] [org.gradle.cache.internal.DefaultFileLockManager] Waiting to acquire shared lock on daemon addresses registry.
2021-05-08T16:40:00.076+0200 [DEBUG] [org.gradle.cache.internal.DefaultFileLockManager] Lock acquired on daemon addresses registry.
2021-05-08T16:40:00.076+0200 [DEBUG] [org.gradle.cache.internal.DefaultFileLockManager] Releasing lock on daemon addresses registry.
2021-05-08T16:40:00.078+0200 [DEBUG] [org.gradle.cache.internal.DefaultFileLockManager] Waiting to acquire shared lock on daemon addresses registry.
2021-05-08T16:40:00.078+0200 [DEBUG] [org.gradle.cache.internal.DefaultFileLockManager] Lock acquired on daemon addresses registry.
2021-05-08T16:40:00.078+0200 [DEBUG] [org.gradle.cache.internal.DefaultFileLockManager] Releasing lock on daemon addresses registry.
2021-05-08T16:40:00.079+0200 [DEBUG] [org.gradle.cache.internal.DefaultFileLockManager] Waiting to acquire shared lock on daemon addresses registry.
2021-05-08T16:40:00.079+0200 [DEBUG] [org.gradle.cache.internal.DefaultFileLockManager] Lock acquired on daemon addresses registry.
2021-05-08T16:40:00.079+0200 [DEBUG] [org.gradle.cache.internal.DefaultFileLockManager] Releasing lock on daemon addresses registry.
2021-05-08T16:40:01.236+0200 [DEBUG] [org.gradle.process.internal.health.memory.DefaultMemoryManager] 840633139 memory requested, 479440896 free
2021-05-08T16:40:01.236+0200 [DEBUG] [org.gradle.workers.internal.WorkerDaemonExpiration] Will attempt to release 801 of memory
2021-05-08T16:40:01.236+0200 [DEBUG] [org.gradle.process.internal.health.memory.DefaultMemoryManager] 840633139 memory requested, 0 released, 479440896 free
2021-05-08T16:40:06.233+0200 [DEBUG] [org.gradle.process.internal.health.memory.DefaultMemoryManager] 840633139 memory requested, 417193984 free
2021-05-08T16:40:06.234+0200 [DEBUG] [org.gradle.workers.internal.WorkerDaemonExpiration] Will attempt to release 801 of memory
2021-05-08T16:40:06.234+0200 [DEBUG] [org.gradle.process.internal.health.memory.DefaultMemoryManager] 840633139 memory requested, 0 released, 417193984 free
2021-05-08T16:40:10.073+0200 [DEBUG] [org.gradle.cache.internal.DefaultFileLockManager] Waiting to acquire shared lock on daemon addresses registry.
2021-05-08T16:40:10.073+0200 [DEBUG] [org.gradle.cache.internal.DefaultFileLockManager] Lock acquired on daemon addresses registry.
2021-05-08T16:40:10.075+0200 [DEBUG] [org.gradle.cache.internal.DefaultFileLockManager] Releasing lock on daemon addresses registry.
2021-05-08T16:40:10.076+0200 [DEBUG] [org.gradle.cache.internal.DefaultFileLockManager] Waiting to acquire shared lock on daemon addresses registry.
2021-05-08T16:40:10.078+0200 [DEBUG] [org.gradle.cache.internal.DefaultFileLockManager] Lock acquired on daemon addresses registry.
2021-05-08T16:40:10.078+0200 [DEBUG] [org.gradle.cache.internal.DefaultFileLockManager] Releasing lock on daemon addresses registry.
2021-05-08T16:40:10.080+0200 [DEBUG] [org.gradle.cache.internal.DefaultFileLockManager] Waiting to acquire shared lock on daemon addresses registry.
2021-05-08T16:40:10.080+0200 [DEBUG] [org.gradle.cache.internal.DefaultFileLockManager] Lock acquired on daemon addresses registry.
2021-05-08T16:40:10.081+0200 [DEBUG] [org.gradle.cache.internal.DefaultFileLockManager] Releasing lock on daemon addresses registry.
2021-05-08T16:40:11.240+0200 [DEBUG] [org.gradle.process.internal.health.memory.DefaultMemoryManager] 840633139 memory requested, 430223360 free
2021-05-08T16:40:11.240+0200 [DEBUG] [org.gradle.workers.internal.WorkerDaemonExpiration] Will attempt to release 801 of memory
2021-05-08T16:40:11.240+0200 [DEBUG] [org.gradle.process.internal.health.memory.DefaultMemoryManager] 840633139 memory requested, 0 released, 430223360 free
2021-05-08T16:40:16.237+0200 [DEBUG] [org.gradle.process.internal.health.memory.DefaultMemoryManager] 840633139 memory requested, 377495552 free
2021-05-08T16:40:16.237+0200 [DEBUG] [org.gradle.workers.internal.WorkerDaemonExpiration] Will attempt to release 801 of memory
2021-05-08T16:40:16.238+0200 [DEBUG] [org.gradle.process.internal.health.memory.DefaultMemoryManager] 840633139 memory requested, 0 released, 377495552 free
2021-05-08T16:40:20.078+0200 [DEBUG] [org.gradle.cache.internal.DefaultFileLockManager] Waiting to acquire shared lock on daemon addresses registry.
2021-05-08T16:40:20.078+0200 [DEBUG] [org.gradle.cache.internal.DefaultFileLockManager] Lock acquired on daemon addresses registry.
2021-05-08T16:40:20.078+0200 [DEBUG] [org.gradle.cache.internal.DefaultFileLockManager] Releasing lock on daemon addresses registry.
2021-05-08T16:40:20.079+0200 [DEBUG] [org.gradle.cache.internal.DefaultFileLockManager] Waiting to acquire shared lock on daemon addresses registry.
2021-05-08T16:40:20.079+0200 [DEBUG] [org.gradle.cache.internal.DefaultFileLockManager] Lock acquired on daemon addresses registry.
2021-05-08T16:40:20.080+0200 [DEBUG] [org.gradle.cache.internal.DefaultFileLockManager] Releasing lock on daemon addresses registry.
2021-05-08T16:40:20.081+0200 [DEBUG] [org.gradle.cache.internal.DefaultFileLockManager] Waiting to acquire shared lock on daemon addresses registry.
2021-05-08T16:40:20.081+0200 [DEBUG] [org.gradle.cache.internal.DefaultFileLockManager] Lock acquired on daemon addresses registry.
2021-05-08T16:40:20.082+0200 [DEBUG] [org.gradle.cache.internal.DefaultFileLockManager] Releasing lock on daemon addresses registry.
2021-05-08T16:40:21.251+0200 [DEBUG] [org.gradle.process.internal.health.memory.DefaultMemoryManager] 840633139 memory requested, 369238016 free
2021-05-08T16:40:21.251+0200 [DEBUG] [org.gradle.workers.internal.WorkerDaemonExpiration] Will attempt to release 801 of memory
2021-05-08T16:40:21.252+0200 [DEBUG] [org.gradle.process.internal.health.memory.DefaultMemoryManager] 840633139 memory requested, 0 released, 369238016 free
2021-05-08T16:40:26.230+0200 [DEBUG] [org.gradle.process.internal.health.memory.DefaultMemoryManager] 840633139 memory requested, 358563840 free
2021-05-08T16:40:26.231+0200 [DEBUG] [org.gradle.workers.internal.WorkerDaemonExpiration] Will attempt to release 801 of memory
2021-05-08T16:40:26.231+0200 [DEBUG] [org.gradle.process.internal.health.memory.DefaultMemoryManager] 840633139 memory requested, 0 released, 358563840 free
2021-05-08T16:40:30.078+0200 [DEBUG] [org.gradle.cache.internal.DefaultFileLockManager] Waiting to acquire shared lock on daemon addresses registry.
2021-05-08T16:40:30.078+0200 [DEBUG] [org.gradle.cache.internal.DefaultFileLockManager] Lock acquired on daemon addresses registry.
2021-05-08T16:40:30.079+0200 [DEBUG] [org.gradle.cache.internal.DefaultFileLockManager] Releasing lock on daemon addresses registry.
2021-05-08T16:40:30.080+0200 [DEBUG] [org.gradle.cache.internal.DefaultFileLockManager] Waiting to acquire shared lock on daemon addresses registry.
2021-05-08T16:40:30.081+0200 [DEBUG] [org.gradle.cache.internal.DefaultFileLockManager] Lock acquired on daemon addresses registry.
2021-05-08T16:40:30.081+0200 [DEBUG] [org.gradle.cache.internal.DefaultFileLockManager] Releasing lock on daemon addresses registry.
2021-05-08T16:40:30.082+0200 [DEBUG] [org.gradle.cache.internal.DefaultFileLockManager] Waiting to acquire shared lock on daemon addresses registry.
2021-05-08T16:40:30.082+0200 [DEBUG] [org.gradle.cache.internal.DefaultFileLockManager] Lock acquired on daemon addresses registry.
2021-05-08T16:40:30.083+0200 [DEBUG] [org.gradle.cache.internal.DefaultFileLockManager] Releasing lock on daemon addresses registry.
2021-05-08T16:40:31.237+0200 [DEBUG] [org.gradle.process.internal.health.memory.DefaultMemoryManager] 840633139 memory requested, 347676672 free
2021-05-08T16:40:31.238+0200 [DEBUG] [org.gradle.workers.internal.WorkerDaemonExpiration] Will attempt to release 801 of memory
2021-05-08T16:40:31.238+0200 [DEBUG] [org.gradle.process.internal.health.memory.DefaultMemoryManager] 840633139 memory requested, 0 released, 347676672 free
2021-05-08T16:40:36.235+0200 [DEBUG] [org.gradle.process.internal.health.memory.DefaultMemoryManager] 840633139 memory requested, 364040192 free
2021-05-08T16:40:36.235+0200 [DEBUG] [org.gradle.workers.internal.WorkerDaemonExpiration] Will attempt to release 801 of memory
2021-05-08T16:40:36.235+0200 [DEBUG] [org.gradle.process.internal.health.memory.DefaultMemoryManager] 840633139 memory requested, 0 released, 364040192 free
2021-05-08T16:40:40.079+0200 [DEBUG] [org.gradle.cache.internal.DefaultFileLockManager] Waiting to acquire shared lock on daemon addresses registry.
2021-05-08T16:40:40.079+0200 [DEBUG] [org.gradle.cache.internal.DefaultFileLockManager] Lock acquired on daemon addresses registry.
2021-05-08T16:40:40.080+0200 [DEBUG] [org.gradle.cache.internal.DefaultFileLockManager] Releasing lock on daemon addresses registry.
2021-05-08T16:40:40.081+0200 [DEBUG] [org.gradle.cache.internal.DefaultFileLockManager] Waiting to acquire shared lock on daemon addresses registry.
2021-05-08T16:40:40.081+0200 [DEBUG] [org.gradle.cache.internal.DefaultFileLockManager] Lock acquired on daemon addresses registry.
2021-05-08T16:40:40.082+0200 [DEBUG] [org.gradle.cache.internal.DefaultFileLockManager] Releasing lock on daemon addresses registry.
2021-05-08T16:40:40.089+0200 [DEBUG] [org.gradle.cache.internal.DefaultFileLockManager] Waiting to acquire shared lock on daemon addresses registry.
2021-05-08T16:40:40.090+0200 [DEBUG] [org.gradle.cache.internal.DefaultFileLockManager] Lock acquired on daemon addresses registry.
2021-05-08T16:40:40.091+0200 [DEBUG] [org.gradle.cache.internal.DefaultFileLockManager] Releasing lock on daemon addresses registry.
2021-05-08T16:40:41.237+0200 [DEBUG] [org.gradle.process.internal.health.memory.DefaultMemoryManager] 840633139 memory requested, 354742272 free
2021-05-08T16:40:41.237+0200 [DEBUG] [org.gradle.workers.internal.WorkerDaemonExpiration] Will attempt to release 801 of memory
2021-05-08T16:40:41.237+0200 [DEBUG] [org.gradle.process.internal.health.memory.DefaultMemoryManager] 840633139 memory requested, 0 released, 354742272 free
2021-05-08T16:40:46.241+0200 [DEBUG] [org.gradle.process.internal.health.memory.DefaultMemoryManager] 840633139 memory requested, 362897408 free
2021-05-08T16:40:46.241+0200 [DEBUG] [org.gradle.workers.internal.WorkerDaemonExpiration] Will attempt to release 801 of memory
2021-05-08T16:40:46.247+0200 [DEBUG] [org.gradle.process.internal.health.memory.DefaultMemoryManager] 840633139 memory requested, 0 released, 362897408 free
2021-05-08T16:40:50.078+0200 [DEBUG] [org.gradle.cache.internal.DefaultFileLockManager] Waiting to acquire shared lock on daemon addresses registry.
2021-05-08T16:40:50.079+0200 [DEBUG] [org.gradle.cache.internal.DefaultFileLockManager] Lock acquired on daemon addresses registry.
2021-05-08T16:40:50.080+0200 [DEBUG] [org.gradle.cache.internal.DefaultFileLockManager] Releasing lock on daemon addresses registry.
2021-05-08T16:40:50.083+0200 [DEBUG] [org.gradle.cache.internal.DefaultFileLockManager] Waiting to acquire shared lock on daemon addresses registry.
2021-05-08T16:40:50.084+0200 [DEBUG] [org.gradle.cache.internal.DefaultFileLockManager] Lock acquired on daemon addresses registry.
2021-05-08T16:40:50.084+0200 [DEBUG] [org.gradle.cache.internal.DefaultFileLockManager] Releasing lock on daemon addresses registry.
2021-05-08T16:40:50.088+0200 [DEBUG] [org.gradle.cache.internal.DefaultFileLockManager] Waiting to acquire shared lock on daemon addresses registry.
2021-05-08T16:40:50.088+0200 [DEBUG] [org.gradle.cache.internal.DefaultFileLockManager] Lock acquired on daemon addresses registry.
2021-05-08T16:40:50.089+0200 [DEBUG] [org.gradle.cache.internal.DefaultFileLockManager] Releasing lock on daemon addresses registry.
2021-05-08T16:40:51.228+0200 [DEBUG] [org.gradle.process.internal.health.memory.DefaultMemoryManager] 840633139 memory requested, 335622144 free
2021-05-08T16:40:51.228+0200 [DEBUG] [org.gradle.workers.internal.WorkerDaemonExpiration] Will attempt to release 801 of memory
2021-05-08T16:40:51.228+0200 [DEBUG] [org.gradle.process.internal.health.memory.DefaultMemoryManager] 840633139 memory requested, 0 released, 335622144 free
2021-05-08T16:40:56.346+0200 [DEBUG] [org.gradle.process.internal.health.memory.DefaultMemoryManager] 840633139 memory requested, 364187648 free
2021-05-08T16:40:56.347+0200 [DEBUG] [org.gradle.workers.internal.WorkerDaemonExpiration] Will attempt to release 801 of memory
2021-05-08T16:40:56.347+0200 [DEBUG] [org.gradle.process.internal.health.memory.DefaultMemoryManager] 840633139 memory requested, 0 released, 364187648 free
2021-05-08T16:41:00.102+0200 [DEBUG] [org.gradle.cache.internal.DefaultFileLockManager] Waiting to acquire shared lock on daemon addresses registry.
2021-05-08T16:41:00.102+0200 [DEBUG] [org.gradle.cache.internal.DefaultFileLockManager] Lock acquired on daemon addresses registry.
2021-05-08T16:41:00.105+0200 [DEBUG] [org.gradle.cache.internal.DefaultFileLockManager] Releasing lock on daemon addresses registry.
2021-05-08T16:41:00.120+0200 [DEBUG] [org.gradle.cache.internal.DefaultFileLockManager] Waiting to acquire shared lock on daemon addresses registry.
2021-05-08T16:41:00.120+0200 [DEBUG] [org.gradle.cache.internal.DefaultFileLockManager] Lock acquired on daemon addresses registry.
2021-05-08T16:41:00.123+0200 [DEBUG] [org.gradle.cache.internal.DefaultFileLockManager] Releasing lock on daemon addresses registry.
2021-05-08T16:41:00.132+0200 [DEBUG] [org.gradle.cache.internal.DefaultFileLockManager] Waiting to acquire shared lock on daemon addresses registry.
2021-05-08T16:41:00.132+0200 [DEBUG] [org.gradle.cache.internal.DefaultFileLockManager] Lock acquired on daemon addresses registry.
2021-05-08T16:41:00.133+0200 [DEBUG] [org.gradle.cache.internal.DefaultFileLockManager] Releasing lock on daemon addresses registry.
2021-05-08T16:41:01.238+0200 [DEBUG] [org.gradle.process.internal.health.memory.DefaultMemoryManager] 840633139 memory requested, 334913536 free
2021-05-08T16:41:01.238+0200 [DEBUG] [org.gradle.workers.internal.WorkerDaemonExpiration] Will attempt to release 801 of memory
2021-05-08T16:41:01.238+0200 [DEBUG] [org.gradle.process.internal.health.memory.DefaultMemoryManager] 840633139 memory requested, 0 released, 334913536 free
2021-05-08T16:41:06.231+0200 [DEBUG] [org.gradle.process.internal.health.memory.DefaultMemoryManager] 840633139 memory requested, 333627392 free
2021-05-08T16:41:06.231+0200 [DEBUG] [org.gradle.workers.internal.WorkerDaemonExpiration] Will attempt to release 801 of memory
2021-05-08T16:41:06.231+0200 [DEBUG] [org.gradle.process.internal.health.memory.DefaultMemoryManager] 840633139 memory requested, 0 released, 333627392 free
2021-05-08T16:41:10.082+0200 [DEBUG] [org.gradle.cache.internal.DefaultFileLockManager] Waiting to acquire shared lock on daemon addresses registry.
2021-05-08T16:41:10.082+0200 [DEBUG] [org.gradle.cache.internal.DefaultFileLockManager] Lock acquired on daemon addresses registry.
2021-05-08T16:41:10.083+0200 [DEBUG] [org.gradle.cache.internal.DefaultFileLockManager] Releasing lock on daemon addresses registry.
2021-05-08T16:41:10.084+0200 [DEBUG] [org.gradle.cache.internal.DefaultFileLockManager] Waiting to acquire shared lock on daemon addresses registry.
2021-05-08T16:41:10.084+0200 [DEBUG] [org.gradle.cache.internal.DefaultFileLockManager] Lock acquired on daemon addresses registry.
2021-05-08T16:41:10.085+0200 [DEBUG] [org.gradle.cache.internal.DefaultFileLockManager] Releasing lock on daemon addresses registry.
2021-05-08T16:41:10.085+0200 [DEBUG] [org.gradle.cache.internal.DefaultFileLockManager] Waiting to acquire shared lock on daemon addresses registry.
2021-05-08T16:41:10.086+0200 [DEBUG] [org.gradle.cache.internal.DefaultFileLockManager] Lock acquired on daemon addresses registry.
2021-05-08T16:41:10.086+0200 [DEBUG] [org.gradle.cache.internal.DefaultFileLockManager] Releasing lock on daemon addresses registry.
2021-05-08T16:41:11.228+0200 [DEBUG] [org.gradle.process.internal.health.memory.DefaultMemoryManager] 840633139 memory requested, 330858496 free
2021-05-08T16:41:11.228+0200 [DEBUG] [org.gradle.workers.internal.WorkerDaemonExpiration] Will attempt to release 801 of memory
2021-05-08T16:41:11.228+0200 [DEBUG] [org.gradle.process.internal.health.memory.DefaultMemoryManager] 840633139 memory requested, 0 released, 330858496 free
2021-05-08T16:41:16.239+0200 [DEBUG] [org.gradle.process.internal.health.memory.DefaultMemoryManager] 840633139 memory requested, 326713344 free
2021-05-08T16:41:16.239+0200 [DEBUG] [org.gradle.workers.internal.WorkerDaemonExpiration] Will attempt to release 801 of memory
2021-05-08T16:41:16.240+0200 [DEBUG] [org.gradle.process.internal.health.memory.DefaultMemoryManager] 840633139 memory requested, 0 released, 326713344 free
2021-05-08T16:41:20.127+0200 [DEBUG] [org.gradle.cache.internal.DefaultFileLockManager] Waiting to acquire shared lock on daemon addresses registry.
2021-05-08T16:41:20.127+0200 [DEBUG] [org.gradle.cache.internal.DefaultFileLockManager] Lock acquired on daemon addresses registry.
2021-05-08T16:41:20.130+0200 [DEBUG] [org.gradle.cache.internal.DefaultFileLockManager] Releasing lock on daemon addresses registry.
2021-05-08T16:41:20.131+0200 [DEBUG] [org.gradle.cache.internal.DefaultFileLockManager] Waiting to acquire shared lock on daemon addresses registry.
2021-05-08T16:41:20.132+0200 [DEBUG] [org.gradle.cache.internal.DefaultFileLockManager] Lock acquired on daemon addresses registry.
2021-05-08T16:41:20.141+0200 [DEBUG] [org.gradle.cache.internal.DefaultFileLockManager] Releasing lock on daemon addresses registry.
2021-05-08T16:41:20.144+0200 [DEBUG] [org.gradle.cache.internal.DefaultFileLockManager] Waiting to acquire shared lock on daemon addresses registry.
2021-05-08T16:41:20.145+0200 [DEBUG] [org.gradle.cache.internal.DefaultFileLockManager] Lock acquired on daemon addresses registry.
2021-05-08T16:41:20.190+0200 [DEBUG] [org.gradle.cache.internal.DefaultFileLockManager] Releasing lock on daemon addresses registry.
2021-05-08T16:41:21.233+0200 [DEBUG] [org.gradle.process.internal.health.memory.DefaultMemoryManager] 840633139 memory requested, 333246464 free
2021-05-08T16:41:21.236+0200 [DEBUG] [org.gradle.workers.internal.WorkerDaemonExpiration] Will attempt to release 801 of memory
2021-05-08T16:41:21.238+0200 [DEBUG] [org.gradle.process.internal.health.memory.DefaultMemoryManager] 840633139 memory requested, 0 released, 333246464 free
2021-05-08T16:41:26.233+0200 [DEBUG] [org.gradle.process.internal.health.memory.DefaultMemoryManager] 840633139 memory requested, 320692224 free
2021-05-08T16:41:26.233+0200 [DEBUG] [org.gradle.workers.internal.WorkerDaemonExpiration] Will attempt to release 801 of memory
2021-05-08T16:41:26.233+0200 [DEBUG] [org.gradle.process.internal.health.memory.DefaultMemoryManager] 840633139 memory requested, 0 released, 320692224 free
2021-05-08T16:41:30.073+0200 [DEBUG] [org.gradle.cache.internal.DefaultFileLockManager] Waiting to acquire shared lock on daemon addresses registry.
2021-05-08T16:41:30.073+0200 [DEBUG] [org.gradle.cache.internal.DefaultFileLockManager] Lock acquired on daemon addresses registry.
2021-05-08T16:41:30.075+0200 [DEBUG] [org.gradle.cache.internal.DefaultFileLockManager] Releasing lock on daemon addresses registry.
2021-05-08T16:41:30.076+0200 [DEBUG] [org.gradle.cache.internal.DefaultFileLockManager] Waiting to acquire shared lock on daemon addresses registry.
2021-05-08T16:41:30.076+0200 [DEBUG] [org.gradle.cache.internal.DefaultFileLockManager] Lock acquired on daemon addresses registry.
2021-05-08T16:41:30.076+0200 [DEBUG] [org.gradle.cache.internal.DefaultFileLockManager] Releasing lock on daemon addresses registry.
2021-05-08T16:41:30.077+0200 [DEBUG] [org.gradle.cache.internal.DefaultFileLockManager] Waiting to acquire shared lock on daemon addresses registry.
2021-05-08T16:41:30.078+0200 [DEBUG] [org.gradle.cache.internal.DefaultFileLockManager] Lock acquired on daemon addresses registry.
2021-05-08T16:41:30.078+0200 [DEBUG] [org.gradle.cache.internal.DefaultFileLockManager] Releasing lock on daemon addresses registry.
2021-05-08T16:41:31.240+0200 [DEBUG] [org.gradle.process.internal.health.memory.DefaultMemoryManager] 840633139 memory requested, 343494656 free
2021-05-08T16:41:31.241+0200 [DEBUG] [org.gradle.workers.internal.WorkerDaemonExpiration] Will attempt to release 801 of memory
2021-05-08T16:41:31.241+0200 [DEBUG] [org.gradle.process.internal.health.memory.DefaultMemoryManager] 840633139 memory requested, 0 released, 343494656 free
2021-05-08T16:41:40.074+0200 [DEBUG] [org.gradle.cache.internal.DefaultFileLockManager] Waiting to acquire shared lock on daemon addresses registry.
2021-05-08T16:41:40.074+0200 [DEBUG] [org.gradle.cache.internal.DefaultFileLockManager] Lock acquired on daemon addresses registry.
2021-05-08T16:41:40.074+0200 [DEBUG] [org.gradle.cache.internal.DefaultFileLockManager] Releasing lock on daemon addresses registry.
2021-05-08T16:41:40.076+0200 [DEBUG] [org.gradle.cache.internal.DefaultFileLockManager] Waiting to acquire shared lock on daemon addresses registry.
2021-05-08T16:41:40.077+0200 [DEBUG] [org.gradle.cache.internal.DefaultFileLockManager] Lock acquired on daemon addresses registry.
2021-05-08T16:41:40.077+0200 [DEBUG] [org.gradle.cache.internal.DefaultFileLockManager] Releasing lock on daemon addresses registry.
2021-05-08T16:41:40.078+0200 [DEBUG] [org.gradle.cache.internal.DefaultFileLockManager] Waiting to acquire shared lock on daemon addresses registry.
2021-05-08T16:41:40.078+0200 [DEBUG] [org.gradle.cache.internal.DefaultFileLockManager] Lock acquired on daemon addresses registry.
2021-05-08T16:41:40.079+0200 [DEBUG] [org.gradle.cache.internal.DefaultFileLockManager] Releasing lock on daemon addresses registry.
2021-05-08T16:41:50.077+0200 [DEBUG] [org.gradle.cache.internal.DefaultFileLockManager] Waiting to acquire shared lock on daemon addresses registry.
2021-05-08T16:41:50.077+0200 [DEBUG] [org.gradle.cache.internal.DefaultFileLockManager] Lock acquired on daemon addresses registry.
2021-05-08T16:41:50.078+0200 [DEBUG] [org.gradle.cache.internal.DefaultFileLockManager] Releasing lock on daemon addresses registry.
2021-05-08T16:41:50.078+0200 [DEBUG] [org.gradle.cache.internal.DefaultFileLockManager] Waiting to acquire shared lock on daemon addresses registry.
2021-05-08T16:41:50.079+0200 [DEBUG] [org.gradle.cache.internal.DefaultFileLockManager] Lock acquired on daemon addresses registry.
2021-05-08T16:41:50.079+0200 [DEBUG] [org.gradle.cache.internal.DefaultFileLockManager] Releasing lock on daemon addresses registry.
2021-05-08T16:41:50.080+0200 [DEBUG] [org.gradle.cache.internal.DefaultFileLockManager] Waiting to acquire shared lock on daemon addresses registry.
2021-05-08T16:41:50.081+0200 [DEBUG] [org.gradle.cache.internal.DefaultFileLockManager] Lock acquired on daemon addresses registry.
2021-05-08T16:41:50.081+0200 [DEBUG] [org.gradle.cache.internal.DefaultFileLockManager] Releasing lock on daemon addresses registry.
2021-05-08T16:42:00.085+0200 [DEBUG] [org.gradle.cache.internal.DefaultFileLockManager] Waiting to acquire shared lock on daemon addresses registry.
2021-05-08T16:42:00.086+0200 [DEBUG] [org.gradle.cache.internal.DefaultFileLockManager] Lock acquired on daemon addresses registry.
2021-05-08T16:42:00.088+0200 [DEBUG] [org.gradle.cache.internal.DefaultFileLockManager] Releasing lock on daemon addresses registry.
2021-05-08T16:42:00.095+0200 [DEBUG] [org.gradle.cache.internal.DefaultFileLockManager] Waiting to acquire shared lock on daemon addresses registry.
2021-05-08T16:42:00.095+0200 [DEBUG] [org.gradle.cache.internal.DefaultFileLockManager] Lock acquired on daemon addresses registry.
2021-05-08T16:42:00.096+0200 [DEBUG] [org.gradle.cache.internal.DefaultFileLockManager] Releasing lock on daemon addresses registry.
2021-05-08T16:42:00.115+0200 [DEBUG] [org.gradle.cache.internal.DefaultFileLockManager] Waiting to acquire shared lock on daemon addresses registry.
2021-05-08T16:42:00.116+0200 [DEBUG] [org.gradle.cache.internal.DefaultFileLockManager] Lock acquired on daemon addresses registry.
2021-05-08T16:42:00.116+0200 [DEBUG] [org.gradle.cache.internal.DefaultFileLockManager] Releasing lock on daemon addresses registry.
2021-05-08T16:42:10.083+0200 [DEBUG] [org.gradle.cache.internal.DefaultFileLockManager] Waiting to acquire shared lock on daemon addresses registry.
2021-05-08T16:42:10.083+0200 [DEBUG] [org.gradle.cache.internal.DefaultFileLockManager] Lock acquired on daemon addresses registry.
2021-05-08T16:42:10.084+0200 [DEBUG] [org.gradle.cache.internal.DefaultFileLockManager] Releasing lock on daemon addresses registry.
2021-05-08T16:42:10.085+0200 [DEBUG] [org.gradle.cache.internal.DefaultFileLockManager] Waiting to acquire shared lock on daemon addresses registry.
2021-05-08T16:42:10.085+0200 [DEBUG] [org.gradle.cache.internal.DefaultFileLockManager] Lock acquired on daemon addresses registry.
2021-05-08T16:42:10.089+0200 [DEBUG] [org.gradle.cache.internal.DefaultFileLockManager] Releasing lock on daemon addresses registry.
2021-05-08T16:42:10.090+0200 [DEBUG] [org.gradle.cache.internal.DefaultFileLockManager] Waiting to acquire shared lock on daemon addresses registry.
2021-05-08T16:42:10.091+0200 [DEBUG] [org.gradle.cache.internal.DefaultFileLockManager] Lock acquired on daemon addresses registry.
2021-05-08T16:42:10.092+0200 [DEBUG] [org.gradle.cache.internal.DefaultFileLockManager] Releasing lock on daemon addresses registry.
2021-05-08T16:42:20.082+0200 [DEBUG] [org.gradle.cache.internal.DefaultFileLockManager] Waiting to acquire shared lock on daemon addresses registry.
2021-05-08T16:42:20.082+0200 [DEBUG] [org.gradle.cache.internal.DefaultFileLockManager] Lock acquired on daemon addresses registry.
2021-05-08T16:42:20.083+0200 [DEBUG] [org.gradle.cache.internal.DefaultFileLockManager] Releasing lock on daemon addresses registry.
2021-05-08T16:42:20.085+0200 [DEBUG] [org.gradle.cache.internal.DefaultFileLockManager] Waiting to acquire shared lock on daemon addresses registry.
2021-05-08T16:42:20.086+0200 [DEBUG] [org.gradle.cache.internal.DefaultFileLockManager] Lock acquired on daemon addresses registry.
2021-05-08T16:42:20.088+0200 [DEBUG] [org.gradle.cache.internal.DefaultFileLockManager] Releasing lock on daemon addresses registry.
2021-05-08T16:42:20.089+0200 [DEBUG] [org.gradle.cache.internal.DefaultFileLockManager] Waiting to acquire shared lock on daemon addresses registry.
2021-05-08T16:42:20.092+0200 [DEBUG] [org.gradle.cache.internal.DefaultFileLockManager] Lock acquired on daemon addresses registry.
2021-05-08T16:42:20.093+0200 [DEBUG] [org.gradle.cache.internal.DefaultFileLockManager] Releasing lock on daemon addresses registry.
2021-05-08T16:42:30.072+0200 [DEBUG] [org.gradle.cache.internal.DefaultFileLockManager] Waiting to acquire shared lock on daemon addresses registry.
2021-05-08T16:42:30.082+0200 [DEBUG] [org.gradle.cache.internal.DefaultFileLockManager] Lock acquired on daemon addresses registry.
2021-05-08T16:42:30.088+0200 [DEBUG] [org.gradle.cache.internal.DefaultFileLockManager] Releasing lock on daemon addresses registry.
2021-05-08T16:42:30.092+0200 [DEBUG] [org.gradle.cache.internal.DefaultFileLockManager] Waiting to acquire shared lock on daemon addresses registry.
2021-05-08T16:42:30.095+0200 [DEBUG] [org.gradle.cache.internal.DefaultFileLockManager] Lock acquired on daemon addresses registry.
2021-05-08T16:42:30.096+0200 [DEBUG] [org.gradle.cache.internal.DefaultFileLockManager] Releasing lock on daemon addresses registry.
2021-05-08T16:42:30.097+0200 [DEBUG] [org.gradle.cache.internal.DefaultFileLockManager] Waiting to acquire shared lock on daemon addresses registry.
2021-05-08T16:42:30.097+0200 [DEBUG] [org.gradle.cache.internal.DefaultFileLockManager] Lock acquired on daemon addresses registry.
2021-05-08T16:42:30.098+0200 [DEBUG] [org.gradle.cache.internal.DefaultFileLockManager] Releasing lock on daemon addresses registry.
2021-05-08T16:42:40.073+0200 [DEBUG] [org.gradle.cache.internal.DefaultFileLockManager] Waiting to acquire shared lock on daemon addresses registry.
2021-05-08T16:42:40.074+0200 [DEBUG] [org.gradle.cache.internal.DefaultFileLockManager] Lock acquired on daemon addresses registry.
2021-05-08T16:42:40.074+0200 [DEBUG] [org.gradle.cache.internal.DefaultFileLockManager] Releasing lock on daemon addresses registry.
2021-05-08T16:42:40.076+0200 [DEBUG] [org.gradle.cache.internal.DefaultFileLockManager] Waiting to acquire shared lock on daemon addresses registry.
2021-05-08T16:42:40.077+0200 [DEBUG] [org.gradle.cache.internal.DefaultFileLockManager] Lock acquired on daemon addresses registry.
2021-05-08T16:42:40.077+0200 [DEBUG] [org.gradle.cache.internal.DefaultFileLockManager] Releasing lock on daemon addresses registry.
2021-05-08T16:42:40.079+0200 [DEBUG] [org.gradle.cache.internal.DefaultFileLockManager] Waiting to acquire shared lock on daemon addresses registry.
2021-05-08T16:42:40.079+0200 [DEBUG] [org.gradle.cache.internal.DefaultFileLockManager] Lock acquired on daemon addresses registry.
2021-05-08T16:42:40.079+0200 [DEBUG] [org.gradle.cache.internal.DefaultFileLockManager] Releasing lock on daemon addresses registry.
2021-05-08T16:42:50.082+0200 [DEBUG] [org.gradle.cache.internal.DefaultFileLockManager] Waiting to acquire shared lock on daemon addresses registry.
2021-05-08T16:42:50.082+0200 [DEBUG] [org.gradle.cache.internal.DefaultFileLockManager] Lock acquired on daemon addresses registry.
2021-05-08T16:42:50.083+0200 [DEBUG] [org.gradle.cache.internal.DefaultFileLockManager] Releasing lock on daemon addresses registry.
2021-05-08T16:42:50.084+0200 [DEBUG] [org.gradle.cache.internal.DefaultFileLockManager] Waiting to acquire shared lock on daemon addresses registry.
2021-05-08T16:42:50.084+0200 [DEBUG] [org.gradle.cache.internal.DefaultFileLockManager] Lock acquired on daemon addresses registry.
2021-05-08T16:42:50.085+0200 [DEBUG] [org.gradle.cache.internal.DefaultFileLockManager] Releasing lock on daemon addresses registry.
2021-05-08T16:42:50.085+0200 [DEBUG] [org.gradle.cache.internal.DefaultFileLockManager] Waiting to acquire shared lock on daemon addresses registry.
2021-05-08T16:42:50.086+0200 [DEBUG] [org.gradle.cache.internal.DefaultFileLockManager] Lock acquired on daemon addresses registry.
2021-05-08T16:42:50.087+0200 [DEBUG] [org.gradle.cache.internal.DefaultFileLockManager] Releasing lock on daemon addresses registry.
2021-05-08T16:43:00.075+0200 [DEBUG] [org.gradle.cache.internal.DefaultFileLockManager] Waiting to acquire shared lock on daemon addresses registry.
2021-05-08T16:43:00.075+0200 [DEBUG] [org.gradle.cache.internal.DefaultFileLockManager] Lock acquired on daemon addresses registry.
2021-05-08T16:43:00.076+0200 [DEBUG] [org.gradle.cache.internal.DefaultFileLockManager] Releasing lock on daemon addresses registry.
2021-05-08T16:43:00.079+0200 [DEBUG] [org.gradle.cache.internal.DefaultFileLockManager] Waiting to acquire shared lock on daemon addresses registry.
2021-05-08T16:43:00.080+0200 [DEBUG] [org.gradle.cache.internal.DefaultFileLockManager] Lock acquired on daemon addresses registry.
2021-05-08T16:43:00.081+0200 [DEBUG] [org.gradle.cache.internal.DefaultFileLockManager] Releasing lock on daemon addresses registry.
2021-05-08T16:43:00.082+0200 [DEBUG] [org.gradle.cache.internal.DefaultFileLockManager] Waiting to acquire shared lock on daemon addresses registry.
2021-05-08T16:43:00.082+0200 [DEBUG] [org.gradle.cache.internal.DefaultFileLockManager] Lock acquired on daemon addresses registry.
2021-05-08T16:43:00.082+0200 [DEBUG] [org.gradle.cache.internal.DefaultFileLockManager] Releasing lock on daemon addresses registry.
2021-05-08T16:43:10.089+0200 [DEBUG] [org.gradle.cache.internal.DefaultFileLockManager] Waiting to acquire shared lock on daemon addresses registry.
2021-05-08T16:43:10.089+0200 [DEBUG] [org.gradle.cache.internal.DefaultFileLockManager] Lock acquired on daemon addresses registry.
2021-05-08T16:43:10.090+0200 [DEBUG] [org.gradle.cache.internal.DefaultFileLockManager] Releasing lock on daemon addresses registry.
2021-05-08T16:43:10.091+0200 [DEBUG] [org.gradle.cache.internal.DefaultFileLockManager] Waiting to acquire shared lock on daemon addresses registry.
2021-05-08T16:43:10.091+0200 [DEBUG] [org.gradle.cache.internal.DefaultFileLockManager] Lock acquired on daemon addresses registry.
2021-05-08T16:43:10.091+0200 [DEBUG] [org.gradle.cache.internal.DefaultFileLockManager] Releasing lock on daemon addresses registry.
2021-05-08T16:43:10.093+0200 [DEBUG] [org.gradle.cache.internal.DefaultFileLockManager] Waiting to acquire shared lock on daemon addresses registry.
2021-05-08T16:43:10.093+0200 [DEBUG] [org.gradle.cache.internal.DefaultFileLockManager] Lock acquired on daemon addresses registry.
2021-05-08T16:43:10.094+0200 [DEBUG] [org.gradle.cache.internal.DefaultFileLockManager] Releasing lock on daemon addresses registry.
2021-05-08T16:43:20.070+0200 [DEBUG] [org.gradle.cache.internal.DefaultFileLockManager] Waiting to acquire shared lock on daemon addresses registry.
2021-05-08T16:43:20.071+0200 [DEBUG] [org.gradle.cache.internal.DefaultFileLockManager] Lock acquired on daemon addresses registry.
2021-05-08T16:43:20.071+0200 [DEBUG] [org.gradle.cache.internal.DefaultFileLockManager] Releasing lock on daemon addresses registry.
2021-05-08T16:43:20.072+0200 [DEBUG] [org.gradle.cache.internal.DefaultFileLockManager] Waiting to acquire shared lock on daemon addresses registry.
2021-05-08T16:43:20.072+0200 [DEBUG] [org.gradle.cache.internal.DefaultFileLockManager] Lock acquired on daemon addresses registry.
2021-05-08T16:43:20.073+0200 [DEBUG] [org.gradle.cache.internal.DefaultFileLockManager] Releasing lock on daemon addresses registry.
2021-05-08T16:43:20.074+0200 [DEBUG] [org.gradle.cache.internal.DefaultFileLockManager] Waiting to acquire shared lock on daemon addresses registry.
2021-05-08T16:43:20.074+0200 [DEBUG] [org.gradle.cache.internal.DefaultFileLockManager] Lock acquired on daemon addresses registry.
2021-05-08T16:43:20.075+0200 [DEBUG] [org.gradle.cache.internal.DefaultFileLockManager] Releasing lock on daemon addresses registry.
2021-05-08T16:43:30.082+0200 [DEBUG] [org.gradle.cache.internal.DefaultFileLockManager] Waiting to acquire shared lock on daemon addresses registry.
2021-05-08T16:43:30.082+0200 [DEBUG] [org.gradle.cache.internal.DefaultFileLockManager] Lock acquired on daemon addresses registry.
2021-05-08T16:43:30.083+0200 [DEBUG] [org.gradle.cache.internal.DefaultFileLockManager] Releasing lock on daemon addresses registry.
2021-05-08T16:43:30.084+0200 [DEBUG] [org.gradle.cache.internal.DefaultFileLockManager] Waiting to acquire shared lock on daemon addresses registry.
2021-05-08T16:43:30.084+0200 [DEBUG] [org.gradle.cache.internal.DefaultFileLockManager] Lock acquired on daemon addresses registry.
2021-05-08T16:43:30.085+0200 [DEBUG] [org.gradle.cache.internal.DefaultFileLockManager] Releasing lock on daemon addresses registry.
2021-05-08T16:43:30.085+0200 [DEBUG] [org.gradle.cache.internal.DefaultFileLockManager] Waiting to acquire shared lock on daemon addresses registry.
2021-05-08T16:43:30.086+0200 [DEBUG] [org.gradle.cache.internal.DefaultFileLockManager] Lock acquired on daemon addresses registry.
2021-05-08T16:43:30.086+0200 [DEBUG] [org.gradle.cache.internal.DefaultFileLockManager] Releasing lock on daemon addresses registry.
2021-05-08T16:43:40.074+0200 [DEBUG] [org.gradle.cache.internal.DefaultFileLockManager] Waiting to acquire shared lock on daemon addresses registry.
2021-05-08T16:43:40.076+0200 [DEBUG] [org.gradle.cache.internal.DefaultFileLockManager] Lock acquired on daemon addresses registry.
2021-05-08T16:43:40.078+0200 [DEBUG] [org.gradle.cache.internal.DefaultFileLockManager] Releasing lock on daemon addresses registry.
2021-05-08T16:43:40.079+0200 [DEBUG] [org.gradle.cache.internal.DefaultFileLockManager] Waiting to acquire shared lock on daemon addresses registry.
2021-05-08T16:43:40.080+0200 [DEBUG] [org.gradle.cache.internal.DefaultFileLockManager] Lock acquired on daemon addresses registry.
2021-05-08T16:43:40.080+0200 [DEBUG] [org.gradle.cache.internal.DefaultFileLockManager] Releasing lock on daemon addresses registry.
2021-05-08T16:43:40.081+0200 [DEBUG] [org.gradle.cache.internal.DefaultFileLockManager] Waiting to acquire shared lock on daemon addresses registry.
2021-05-08T16:43:40.081+0200 [DEBUG] [org.gradle.cache.internal.DefaultFileLockManager] Lock acquired on daemon addresses registry.
2021-05-08T16:43:40.082+0200 [DEBUG] [org.gradle.cache.internal.DefaultFileLockManager] Releasing lock on daemon addresses registry.
2021-05-08T16:43:50.078+0200 [DEBUG] [org.gradle.cache.internal.DefaultFileLockManager] Waiting to acquire shared lock on daemon addresses registry.
2021-05-08T16:43:50.078+0200 [DEBUG] [org.gradle.cache.internal.DefaultFileLockManager] Lock acquired on daemon addresses registry.
2021-05-08T16:43:50.078+0200 [DEBUG] [org.gradle.cache.internal.DefaultFileLockManager] Releasing lock on daemon addresses registry.
2021-05-08T16:43:50.080+0200 [DEBUG] [org.gradle.cache.internal.DefaultFileLockManager] Waiting to acquire shared lock on daemon addresses registry.
2021-05-08T16:43:50.080+0200 [DEBUG] [org.gradle.cache.internal.DefaultFileLockManager] Lock acquired on daemon addresses registry.
2021-05-08T16:43:50.081+0200 [DEBUG] [org.gradle.cache.internal.DefaultFileLockManager] Releasing lock on daemon addresses registry.
2021-05-08T16:43:50.082+0200 [DEBUG] [org.gradle.cache.internal.DefaultFileLockManager] Waiting to acquire shared lock on daemon addresses registry.
2021-05-08T16:43:50.082+0200 [DEBUG] [org.gradle.cache.internal.DefaultFileLockManager] Lock acquired on daemon addresses registry.
2021-05-08T16:43:50.083+0200 [DEBUG] [org.gradle.cache.internal.DefaultFileLockManager] Releasing lock on daemon addresses registry.
2021-05-08T16:44:00.118+0200 [DEBUG] [org.gradle.cache.internal.DefaultFileLockManager] Waiting to acquire shared lock on daemon addresses registry.
2021-05-08T16:44:00.118+0200 [DEBUG] [org.gradle.cache.internal.DefaultFileLockManager] Lock acquired on daemon addresses registry.
2021-05-08T16:44:00.119+0200 [DEBUG] [org.gradle.cache.internal.DefaultFileLockManager] Releasing lock on daemon addresses registry.
2021-05-08T16:44:00.122+0200 [DEBUG] [org.gradle.cache.internal.DefaultFileLockManager] Waiting to acquire shared lock on daemon addresses registry.
2021-05-08T16:44:00.122+0200 [DEBUG] [org.gradle.cache.internal.DefaultFileLockManager] Lock acquired on daemon addresses registry.
2021-05-08T16:44:00.123+0200 [DEBUG] [org.gradle.cache.internal.DefaultFileLockManager] Releasing lock on daemon addresses registry.
2021-05-08T16:44:00.124+0200 [DEBUG] [org.gradle.cache.internal.DefaultFileLockManager] Waiting to acquire shared lock on daemon addresses registry.
2021-05-08T16:44:00.124+0200 [DEBUG] [org.gradle.cache.internal.DefaultFileLockManager] Lock acquired on daemon addresses registry.
2021-05-08T16:44:00.124+0200 [DEBUG] [org.gradle.cache.internal.DefaultFileLockManager] Releasing lock on daemon addresses registry.
2021-05-08T16:44:10.085+0200 [DEBUG] [org.gradle.cache.internal.DefaultFileLockManager] Waiting to acquire shared lock on daemon addresses registry.
2021-05-08T16:44:10.085+0200 [DEBUG] [org.gradle.cache.internal.DefaultFileLockManager] Lock acquired on daemon addresses registry.
2021-05-08T16:44:10.086+0200 [DEBUG] [org.gradle.cache.internal.DefaultFileLockManager] Releasing lock on daemon addresses registry.
2021-05-08T16:44:10.087+0200 [DEBUG] [org.gradle.cache.internal.DefaultFileLockManager] Waiting to acquire shared lock on daemon addresses registry.
2021-05-08T16:44:10.087+0200 [DEBUG] [org.gradle.cache.internal.DefaultFileLockManager] Lock acquired on daemon addresses registry.
2021-05-08T16:44:10.087+0200 [DEBUG] [org.gradle.cache.internal.DefaultFileLockManager] Releasing lock on daemon addresses registry.
2021-05-08T16:44:10.088+0200 [DEBUG] [org.gradle.cache.internal.DefaultFileLockManager] Waiting to acquire shared lock on daemon addresses registry.
2021-05-08T16:44:10.088+0200 [DEBUG] [org.gradle.cache.internal.DefaultFileLockManager] Lock acquired on daemon addresses registry.
2021-05-08T16:44:10.089+0200 [DEBUG] [org.gradle.cache.internal.DefaultFileLockManager] Releasing lock on daemon addresses registry.
2021-05-08T16:44:20.075+0200 [DEBUG] [org.gradle.cache.internal.DefaultFileLockManager] Waiting to acquire shared lock on daemon addresses registry.
2021-05-08T16:44:20.076+0200 [DEBUG] [org.gradle.cache.internal.DefaultFileLockManager] Lock acquired on daemon addresses registry.
2021-05-08T16:44:20.076+0200 [DEBUG] [org.gradle.cache.internal.DefaultFileLockManager] Releasing lock on daemon addresses registry.
2021-05-08T16:44:20.077+0200 [DEBUG] [org.gradle.cache.internal.DefaultFileLockManager] Waiting to acquire shared lock on daemon addresses registry.
2021-05-08T16:44:20.078+0200 [DEBUG] [org.gradle.cache.internal.DefaultFileLockManager] Lock acquired on daemon addresses registry.
2021-05-08T16:44:20.078+0200 [DEBUG] [org.gradle.cache.internal.DefaultFileLockManager] Releasing lock on daemon addresses registry.
2021-05-08T16:44:20.081+0200 [DEBUG] [org.gradle.cache.internal.DefaultFileLockManager] Waiting to acquire shared lock on daemon addresses registry.
2021-05-08T16:44:20.081+0200 [DEBUG] [org.gradle.cache.internal.DefaultFileLockManager] Lock acquired on daemon addresses registry.
2021-05-08T16:44:20.082+0200 [DEBUG] [org.gradle.cache.internal.DefaultFileLockManager] Releasing lock on daemon addresses registry.
2021-05-08T16:44:30.078+0200 [DEBUG] [org.gradle.cache.internal.DefaultFileLockManager] Waiting to acquire shared lock on daemon addresses registry.
2021-05-08T16:44:30.078+0200 [DEBUG] [org.gradle.cache.internal.DefaultFileLockManager] Lock acquired on daemon addresses registry.
2021-05-08T16:44:30.078+0200 [DEBUG] [org.gradle.cache.internal.DefaultFileLockManager] Releasing lock on daemon addresses registry.
2021-05-08T16:44:30.079+0200 [DEBUG] [org.gradle.cache.internal.DefaultFileLockManager] Waiting to acquire shared lock on daemon addresses registry.
2021-05-08T16:44:30.079+0200 [DEBUG] [org.gradle.cache.internal.DefaultFileLockManager] Lock acquired on daemon addresses registry.
2021-05-08T16:44:30.080+0200 [DEBUG] [org.gradle.cache.internal.DefaultFileLockManager] Releasing lock on daemon addresses registry.
2021-05-08T16:44:30.081+0200 [DEBUG] [org.gradle.cache.internal.DefaultFileLockManager] Waiting to acquire shared lock on daemon addresses registry.
2021-05-08T16:44:30.081+0200 [DEBUG] [org.gradle.cache.internal.DefaultFileLockManager] Lock acquired on daemon addresses registry.
2021-05-08T16:44:30.081+0200 [DEBUG] [org.gradle.cache.internal.DefaultFileLockManager] Releasing lock on daemon addresses registry.
2021-05-08T16:44:44.350+0200 [DEBUG] [org.gradle.cache.internal.DefaultFileLockManager] Waiting to acquire shared lock on daemon addresses registry.
2021-05-08T16:44:44.353+0200 [DEBUG] [org.gradle.cache.internal.DefaultFileLockManager] Lock acquired on daemon addresses registry.
2021-05-08T16:44:44.355+0200 [DEBUG] [org.gradle.cache.internal.DefaultFileLockManager] Releasing lock on daemon addresses registry.
2021-05-08T16:44:44.361+0200 [DEBUG] [org.gradle.cache.internal.DefaultFileLockManager] Waiting to acquire shared lock on daemon addresses registry.
2021-05-08T16:44:44.362+0200 [DEBUG] [org.gradle.cache.internal.DefaultFileLockManager] Lock acquired on daemon addresses registry.
2021-05-08T16:44:44.363+0200 [DEBUG] [org.gradle.cache.internal.DefaultFileLockManager] Releasing lock on daemon addresses registry.
2021-05-08T16:44:44.365+0200 [DEBUG] [org.gradle.cache.internal.DefaultFileLockManager] Waiting to acquire shared lock on daemon addresses registry.
2021-05-08T16:44:44.365+0200 [DEBUG] [org.gradle.cache.internal.DefaultFileLockManager] Lock acquired on daemon addresses registry.
2021-05-08T16:44:44.366+0200 [DEBUG] [org.gradle.cache.internal.DefaultFileLockManager] Releasing lock on daemon addresses registry.
2021-05-08T16:44:50.078+0200 [DEBUG] [org.gradle.cache.internal.DefaultFileLockManager] Waiting to acquire shared lock on daemon addresses registry.
2021-05-08T16:44:50.078+0200 [DEBUG] [org.gradle.cache.internal.DefaultFileLockManager] Lock acquired on daemon addresses registry.
2021-05-08T16:44:50.079+0200 [DEBUG] [org.gradle.cache.internal.DefaultFileLockManager] Releasing lock on daemon addresses registry.
2021-05-08T16:44:50.082+0200 [DEBUG] [org.gradle.cache.internal.DefaultFileLockManager] Waiting to acquire shared lock on daemon addresses registry.
2021-05-08T16:44:50.083+0200 [DEBUG] [org.gradle.cache.internal.DefaultFileLockManager] Lock acquired on daemon addresses registry.
2021-05-08T16:44:50.084+0200 [DEBUG] [org.gradle.cache.internal.DefaultFileLockManager] Releasing lock on daemon addresses registry.
2021-05-08T16:44:50.087+0200 [DEBUG] [org.gradle.cache.internal.DefaultFileLockManager] Waiting to acquire shared lock on daemon addresses registry.
2021-05-08T16:44:50.088+0200 [DEBUG] [org.gradle.cache.internal.DefaultFileLockManager] Lock acquired on daemon addresses registry.
2021-05-08T16:44:50.089+0200 [DEBUG] [org.gradle.cache.internal.DefaultFileLockManager] Releasing lock on daemon addresses registry.
2021-05-08T16:45:00.080+0200 [DEBUG] [org.gradle.cache.internal.DefaultFileLockManager] Waiting to acquire shared lock on daemon addresses registry.
2021-05-08T16:45:00.081+0200 [DEBUG] [org.gradle.cache.internal.DefaultFileLockManager] Lock acquired on daemon addresses registry.
2021-05-08T16:45:00.082+0200 [DEBUG] [org.gradle.cache.internal.DefaultFileLockManager] Releasing lock on daemon addresses registry.
2021-05-08T16:45:00.084+0200 [DEBUG] [org.gradle.cache.internal.DefaultFileLockManager] Waiting to acquire shared lock on daemon addresses registry.
2021-05-08T16:45:00.084+0200 [DEBUG] [org.gradle.cache.internal.DefaultFileLockManager] Lock acquired on daemon addresses registry.
2021-05-08T16:45:00.085+0200 [DEBUG] [org.gradle.cache.internal.DefaultFileLockManager] Releasing lock on daemon addresses registry.
2021-05-08T16:45:00.087+0200 [DEBUG] [org.gradle.cache.internal.DefaultFileLockManager] Waiting to acquire shared lock on daemon addresses registry.
2021-05-08T16:45:00.088+0200 [DEBUG] [org.gradle.cache.internal.DefaultFileLockManager] Lock acquired on daemon addresses registry.
2021-05-08T16:45:00.089+0200 [DEBUG] [org.gradle.cache.internal.DefaultFileLockManager] Releasing lock on daemon addresses registry.
2021-05-08T16:45:10.075+0200 [DEBUG] [org.gradle.cache.internal.DefaultFileLockManager] Waiting to acquire shared lock on daemon addresses registry.
2021-05-08T16:45:10.075+0200 [DEBUG] [org.gradle.cache.internal.DefaultFileLockManager] Lock acquired on daemon addresses registry.
2021-05-08T16:45:10.076+0200 [DEBUG] [org.gradle.cache.internal.DefaultFileLockManager] Releasing lock on daemon addresses registry.
2021-05-08T16:45:10.078+0200 [DEBUG] [org.gradle.cache.internal.DefaultFileLockManager] Waiting to acquire shared lock on daemon addresses registry.
2021-05-08T16:45:10.079+0200 [DEBUG] [org.gradle.cache.internal.DefaultFileLockManager] Lock acquired on daemon addresses registry.
2021-05-08T16:45:10.079+0200 [DEBUG] [org.gradle.cache.internal.DefaultFileLockManager] Releasing lock on daemon addresses registry.
2021-05-08T16:45:10.082+0200 [DEBUG] [org.gradle.cache.internal.DefaultFileLockManager] Waiting to acquire shared lock on daemon addresses registry.
2021-05-08T16:45:10.082+0200 [DEBUG] [org.gradle.cache.internal.DefaultFileLockManager] Lock acquired on daemon addresses registry.
2021-05-08T16:45:10.083+0200 [DEBUG] [org.gradle.cache.internal.DefaultFileLockManager] Releasing lock on daemon addresses registry.
2021-05-08T16:45:20.077+0200 [DEBUG] [org.gradle.cache.internal.DefaultFileLockManager] Waiting to acquire shared lock on daemon addresses registry.
2021-05-08T16:45:22.857+0200 [DEBUG] [org.gradle.cache.internal.DefaultFileLockManager] Lock acquired on daemon addresses registry.
2021-05-08T16:45:22.858+0200 [DEBUG] [org.gradle.cache.internal.DefaultFileLockManager] Releasing lock on daemon addresses registry.
2021-05-08T16:45:22.865+0200 [DEBUG] [org.gradle.cache.internal.DefaultFileLockManager] Waiting to acquire shared lock on daemon addresses registry.
2021-05-08T16:45:22.866+0200 [DEBUG] [org.gradle.cache.internal.DefaultFileLockManager] Lock acquired on daemon addresses registry.
2021-05-08T16:45:22.868+0200 [DEBUG] [org.gradle.cache.internal.DefaultFileLockManager] Releasing lock on daemon addresses registry.
2021-05-08T16:45:22.873+0200 [DEBUG] [org.gradle.cache.internal.DefaultFileLockManager] Waiting to acquire shared lock on daemon addresses registry.
2021-05-08T16:45:22.874+0200 [DEBUG] [org.gradle.cache.internal.DefaultFileLockManager] Lock acquired on daemon addresses registry.
2021-05-08T16:45:22.875+0200 [DEBUG] [org.gradle.cache.internal.DefaultFileLockManager] Releasing lock on daemon addresses registry.
2021-05-08T16:45:30.083+0200 [DEBUG] [org.gradle.cache.internal.DefaultFileLockManager] Waiting to acquire shared lock on daemon addresses registry.
2021-05-08T16:45:30.083+0200 [DEBUG] [org.gradle.cache.internal.DefaultFileLockManager] Lock acquired on daemon addresses registry.
2021-05-08T16:45:30.084+0200 [DEBUG] [org.gradle.cache.internal.DefaultFileLockManager] Releasing lock on daemon addresses registry.
2021-05-08T16:45:30.085+0200 [DEBUG] [org.gradle.cache.internal.DefaultFileLockManager] Waiting to acquire shared lock on daemon addresses registry.
2021-05-08T16:45:30.085+0200 [DEBUG] [org.gradle.cache.internal.DefaultFileLockManager] Lock acquired on daemon addresses registry.
2021-05-08T16:45:30.085+0200 [DEBUG] [org.gradle.cache.internal.DefaultFileLockManager] Releasing lock on daemon addresses registry.
2021-05-08T16:45:30.086+0200 [DEBUG] [org.gradle.cache.internal.DefaultFileLockManager] Waiting to acquire shared lock on daemon addresses registry.
2021-05-08T16:45:30.086+0200 [DEBUG] [org.gradle.cache.internal.DefaultFileLockManager] Lock acquired on daemon addresses registry.
2021-05-08T16:45:30.087+0200 [DEBUG] [org.gradle.cache.internal.DefaultFileLockManager] Releasing lock on daemon addresses registry.
2021-05-09T11:06:50.431+0200 [DEBUG] [org.gradle.cache.internal.DefaultFileLockManager] Waiting to acquire shared lock on daemon addresses registry.
2021-05-09T11:06:50.432+0200 [DEBUG] [org.gradle.cache.internal.DefaultFileLockManager] Lock acquired on daemon addresses registry.
2021-05-09T11:06:50.433+0200 [DEBUG] [org.gradle.cache.internal.DefaultFileLockManager] Releasing lock on daemon addresses registry.
2021-05-09T11:06:50.439+0200 [DEBUG] [org.gradle.cache.internal.DefaultFileLockManager] Waiting to acquire shared lock on daemon addresses registry.
2021-05-09T11:06:50.439+0200 [DEBUG] [org.gradle.cache.internal.DefaultFileLockManager] Lock acquired on daemon addresses registry.
2021-05-09T11:06:50.440+0200 [DEBUG] [org.gradle.cache.internal.DefaultFileLockManager] Releasing lock on daemon addresses registry.
2021-05-09T11:06:50.441+0200 [DEBUG] [org.gradle.cache.internal.DefaultFileLockManager] Waiting to acquire shared lock on daemon addresses registry.
2021-05-09T11:06:50.442+0200 [DEBUG] [org.gradle.cache.internal.DefaultFileLockManager] Lock acquired on daemon addresses registry.
2021-05-09T11:06:50.442+0200 [DEBUG] [org.gradle.cache.internal.DefaultFileLockManager] Releasing lock on daemon addresses registry.
2021-05-09T11:06:50.448+0200 [LIFECYCLE] [org.gradle.launcher.daemon.server.DaemonStateCoordinator] Daemon will be stopped at the end of the build after being idle for 1107 minutes
2021-05-09T11:06:50.448+0200 [DEBUG] [org.gradle.launcher.daemon.server.DaemonStateCoordinator] Marking daemon stopped due to after being idle for 1107 minutes. The daemon is running a build: false
2021-05-09T11:06:50.449+0200 [DEBUG] [org.gradle.launcher.daemon.server.DaemonStateCoordinator] daemon has stopped.
2021-05-09T11:06:50.449+0200 [DEBUG] [org.gradle.launcher.daemon.server.Daemon] stop() called on daemon
2021-05-09T11:06:50.450+0200 [INFO] [org.gradle.launcher.daemon.server.Daemon] Stop requested. Daemon is removing its presence from the registry...
2021-05-09T11:06:50.450+0200 [DEBUG] [org.gradle.cache.internal.DefaultFileLockManager] Waiting to acquire shared lock on daemon addresses registry.
2021-05-09T11:06:50.450+0200 [DEBUG] [org.gradle.cache.internal.DefaultFileLockManager] Lock acquired on daemon addresses registry.
2021-05-09T11:06:50.451+0200 [DEBUG] [org.gradle.launcher.daemon.server.DaemonRegistryUpdater] Removing our presence to clients, eg. removing this address from the registry: [3645b048-72b6-4856-ad9d-243038ee8422 port:54483, addresses:[localhost/127.0.0.1]]
2021-05-09T11:06:50.451+0200 [DEBUG] [org.gradle.cache.internal.DefaultFileLockManager] Releasing lock on daemon addresses registry.
2021-05-09T11:06:50.454+0200 [DEBUG] [org.gradle.cache.internal.DefaultFileLockManager] Waiting to acquire shared lock on daemon addresses registry.
2021-05-09T11:06:50.456+0200 [DEBUG] [org.gradle.cache.internal.DefaultFileLockManager] Lock acquired on daemon addresses registry.
2021-05-09T11:06:50.457+0200 [DEBUG] [org.gradle.cache.internal.DefaultFileLockManager] Releasing lock on daemon addresses registry.
2021-05-09T11:06:50.458+0200 [DEBUG] [org.gradle.launcher.daemon.registry.PersistentDaemonRegistry] Removing daemon address: [3645b048-72b6-4856-ad9d-243038ee8422 port:54483, addresses:[localhost/127.0.0.1]]
2021-05-09T11:06:50.484+0200 [DEBUG] [org.gradle.cache.internal.DefaultFileLockManager] Waiting to acquire exclusive lock on daemon addresses registry.
2021-05-09T11:06:50.486+0200 [DEBUG] [org.gradle.cache.internal.DefaultFileLockManager] Lock acquired on daemon addresses registry.
2021-05-09T11:06:50.493+0200 [DEBUG] [org.gradle.cache.internal.DefaultFileLockManager] Releasing lock on daemon addresses registry.
2021-05-09T11:06:50.494+0200 [DEBUG] [org.gradle.launcher.daemon.server.DaemonRegistryUpdater] Address removed from registry.
2021-05-09T11:06:50.509+0200 [DEBUG] [org.gradle.cache.internal.LockOnDemandCrossProcessCacheAccess] Releasing file lock for jars (C:\Users\Dell e7250\Documents\MINI PROJECT 2021\group-17\android\caches\jars-8)
2021-05-09T11:06:50.510+0200 [DEBUG] [org.gradle.cache.internal.DefaultFileLockManager] Releasing lock on jars (C:\Users\Dell e7250\Documents\MINI PROJECT 2021\group-17\android\caches\jars-8).
2021-05-09T11:06:50.513+0200 [DEBUG] [org.gradle.cache.internal.DefaultPersistentDirectoryStore] jars (C:\Users\Dell e7250\Documents\MINI PROJECT 2021\group-17\android\caches\jars-8) has last been fully cleaned up 22 hours ago
2021-05-09T11:06:50.718+0200 [DEBUG] [org.gradle.cache.internal.LockOnDemandCrossProcessCacheAccess] Releasing file lock for file content cache (C:\Users\Dell e7250\Documents\MINI PROJECT 2021\group-17\android\caches\6.5\fileContent)
2021-05-09T11:06:50.718+0200 [DEBUG] [org.gradle.cache.internal.DefaultFileLockManager] Releasing lock on file content cache (C:\Users\Dell e7250\Documents\MINI PROJECT 2021\group-17\android\caches\6.5\fileContent).
2021-05-09T11:06:50.802+0200 [DEBUG] [org.gradle.cache.internal.LockOnDemandCrossProcessCacheAccess] Releasing file lock for Artifact transforms cache (C:\Users\Dell e7250\Documents\MINI PROJECT 2021\group-17\android\caches\transforms-2)
2021-05-09T11:06:50.803+0200 [DEBUG] [org.gradle.cache.internal.DefaultFileLockManager] Releasing lock on Artifact transforms cache (C:\Users\Dell e7250\Documents\MINI PROJECT 2021\group-17\android\caches\transforms-2).
2021-05-09T11:06:50.808+0200 [DEBUG] [org.gradle.cache.internal.DefaultPersistentDirectoryStore] Artifact transforms cache (C:\Users\Dell e7250\Documents\MINI PROJECT 2021\group-17\android\caches\transforms-2) has last been fully cleaned up 22 hours ago
2021-05-09T11:06:50.810+0200 [DEBUG] [org.gradle.cache.internal.LockOnDemandCrossProcessCacheAccess] Releasing file lock for artifact cache (C:\Users\Dell e7250\Documents\MINI PROJECT 2021\group-17\android\caches\modules-2)
2021-05-09T11:06:50.812+0200 [DEBUG] [org.gradle.cache.internal.btree.BTreePersistentIndexedCache] Closing cache module-artifacts.bin (C:\Users\Dell e7250\Documents\MINI PROJECT 2021\group-17\android\caches\modules-2\metadata-2.96\module-artifacts.bin)
2021-05-09T11:06:50.815+0200 [DEBUG] [org.gradle.cache.internal.btree.BTreePersistentIndexedCache] Closing cache module-metadata.bin (C:\Users\Dell e7250\Documents\MINI PROJECT 2021\group-17\android\caches\modules-2\metadata-2.96\module-metadata.bin)
2021-05-09T11:06:50.816+0200 [DEBUG] [org.gradle.cache.internal.btree.BTreePersistentIndexedCache] Closing cache module-artifact.bin (C:\Users\Dell e7250\Documents\MINI PROJECT 2021\group-17\android\caches\modules-2\metadata-2.96\module-artifact.bin)
2021-05-09T11:06:50.816+0200 [DEBUG] [org.gradle.cache.internal.DefaultFileLockManager] Releasing lock on artifact cache (C:\Users\Dell e7250\Documents\MINI PROJECT 2021\group-17\android\caches\modules-2).
2021-05-09T11:06:50.819+0200 [DEBUG] [org.gradle.cache.internal.DefaultPersistentDirectoryStore] artifact cache (C:\Users\Dell e7250\Documents\MINI PROJECT 2021\group-17\android\caches\modules-2) has last been fully cleaned up 22 hours ago
2021-05-09T11:06:50.821+0200 [DEBUG] [org.gradle.cache.internal.LockOnDemandCrossProcessCacheAccess] Releasing file lock for journal cache (C:\Users\Dell e7250\Documents\MINI PROJECT 2021\group-17\android\caches\journal-1)
2021-05-09T11:06:50.822+0200 [DEBUG] [org.gradle.cache.internal.btree.BTreePersistentIndexedCache] Closing cache file-access.bin (C:\Users\Dell e7250\Documents\MINI PROJECT 2021\group-17\android\caches\journal-1\file-access.bin)
2021-05-09T11:06:50.823+0200 [DEBUG] [org.gradle.cache.internal.DefaultFileLockManager] Releasing lock on journal cache (C:\Users\Dell e7250\Documents\MINI PROJECT 2021\group-17\android\caches\journal-1).
2021-05-09T11:06:50.824+0200 [DEBUG] [org.gradle.cache.internal.DefaultCacheAccess] Cache Generated Gradle JARs cache (C:\Users\Dell e7250\Documents\MINI PROJECT 2021\group-17\android\caches\6.5\generated-gradle-jars) was closed 0 times.
2021-05-09T11:06:50.828+0200 [DEBUG] [org.gradle.cache.internal.LockOnDemandCrossProcessCacheAccess] Releasing file lock for file hash cache (C:\Users\Dell e7250\Documents\MINI PROJECT 2021\group-17\android\caches\6.5\fileHashes)
2021-05-09T11:06:50.828+0200 [DEBUG] [org.gradle.cache.internal.btree.BTreePersistentIndexedCache] Closing cache fileHashes.bin (C:\Users\Dell e7250\Documents\MINI PROJECT 2021\group-17\android\caches\6.5\fileHashes\fileHashes.bin)
2021-05-09T11:06:50.830+0200 [DEBUG] [org.gradle.cache.internal.btree.BTreePersistentIndexedCache] Closing cache resourceHashesCache.bin (C:\Users\Dell e7250\Documents\MINI PROJECT 2021\group-17\android\caches\6.5\fileHashes\resourceHashesCache.bin)
2021-05-09T11:06:50.831+0200 [DEBUG] [org.gradle.cache.internal.DefaultFileLockManager] Releasing lock on file hash cache (C:\Users\Dell e7250\Documents\MINI PROJECT 2021\group-17\android\caches\6.5\fileHashes).
2021-05-09T11:06:50.833+0200 [DEBUG] [org.gradle.cache.internal.LockOnDemandCrossProcessCacheAccess] Releasing file lock for execution history cache (C:\Users\Dell e7250\Documents\MINI PROJECT 2021\group-17\android\caches\6.5\executionHistory)
2021-05-09T11:06:50.834+0200 [DEBUG] [org.gradle.cache.internal.btree.BTreePersistentIndexedCache] Closing cache executionHistory.bin (C:\Users\Dell e7250\Documents\MINI PROJECT 2021\group-17\android\caches\6.5\executionHistory\executionHistory.bin)
2021-05-09T11:06:50.835+0200 [DEBUG] [org.gradle.cache.internal.DefaultFileLockManager] Releasing lock on execution history cache (C:\Users\Dell e7250\Documents\MINI PROJECT 2021\group-17\android\caches\6.5\executionHistory).
2021-05-09T11:06:50.879+0200 [DEBUG] [org.gradle.launcher.daemon.registry.PersistentDaemonRegistry] Removing daemon address: [3645b048-72b6-4856-ad9d-243038ee8422 port:54483, addresses:[localhost/127.0.0.1]]
Daemon vm is shutting down... The daemon has exited normally or was terminated in response to a user interrupt.
2021-05-09T11:06:50.880+0200 [DEBUG] [org.gradle.cache.internal.DefaultFileLockManager] Waiting to acquire exclusive lock on daemon addresses registry.
2021-05-09T11:06:50.881+0200 [DEBUG] [org.gradle.cache.internal.DefaultFileLockManager] Lock acquired on daemon addresses registry.
2021-05-09T11:06:50.883+0200 [DEBUG] [org.gradle.cache.internal.DefaultFileLockManager] Releasing lock on daemon addresses registry.
